[0.504s] Invoking command in '/home/kaize/turtlebot3_ws/src/yolo_pkg': PYTHONPATH=/home/kaize/turtlebot3_ws/build/yolo_pkg/prefix_override:/usr/lib/python3/dist-packages/colcon_core/task/python/colcon_distutils_commands:/home/kaize/turtlebot3_ws/install/yolo_pkg/lib/python3.10/site-packages:${PYTHONPATH} /usr/bin/python3 -W ignore:setup.py install is deprecated -W ignore:easy_install command is deprecated setup.py egg_info --egg-base ../../build/yolo_pkg build --build-base /home/kaize/turtlebot3_ws/build/yolo_pkg/build install --record /home/kaize/turtlebot3_ws/build/yolo_pkg/install.log --single-version-externally-managed install_data
[0.631s] running egg_info
[0.631s] writing ../../build/yolo_pkg/yolo_pkg.egg-info/PKG-INFO
[0.631s] writing dependency_links to ../../build/yolo_pkg/yolo_pkg.egg-info/dependency_links.txt
[0.631s] writing entry points to ../../build/yolo_pkg/yolo_pkg.egg-info/entry_points.txt
[0.631s] writing requirements to ../../build/yolo_pkg/yolo_pkg.egg-info/requires.txt
[0.631s] writing top-level names to ../../build/yolo_pkg/yolo_pkg.egg-info/top_level.txt
[0.632s] reading manifest file '../../build/yolo_pkg/yolo_pkg.egg-info/SOURCES.txt'
[0.633s] writing manifest file '../../build/yolo_pkg/yolo_pkg.egg-info/SOURCES.txt'
[0.633s] running build
[0.633s] running build_py
[0.633s] running install
[0.634s] running install_lib
[0.634s] running install_data
[0.634s] running install_egg_info
[0.635s] removing '/home/kaize/turtlebot3_ws/install/yolo_pkg/lib/python3.10/site-packages/yolo_pkg-0.0.0-py3.10.egg-info' (and everything under it)
[0.635s] Copying ../../build/yolo_pkg/yolo_pkg.egg-info to /home/kaize/turtlebot3_ws/install/yolo_pkg/lib/python3.10/site-packages/yolo_pkg-0.0.0-py3.10.egg-info
[0.636s] running install_scripts
[0.647s] Installing pursuit_controller script to /home/kaize/turtlebot3_ws/install/yolo_pkg/lib/yolo_pkg
[0.648s] Installing yolo_detector script to /home/kaize/turtlebot3_ws/install/yolo_pkg/lib/yolo_pkg
[0.648s] writing list of installed files to '/home/kaize/turtlebot3_ws/build/yolo_pkg/install.log'
[0.664s] Invoked command in '/home/kaize/turtlebot3_ws/src/yolo_pkg' returned '0': PYTHONPATH=/home/kaize/turtlebot3_ws/build/yolo_pkg/prefix_override:/usr/lib/python3/dist-packages/colcon_core/task/python/colcon_distutils_commands:/home/kaize/turtlebot3_ws/install/yolo_pkg/lib/python3.10/site-packages:${PYTHONPATH} /usr/bin/python3 -W ignore:setup.py install is deprecated -W ignore:easy_install command is deprecated setup.py egg_info --egg-base ../../build/yolo_pkg build --build-base /home/kaize/turtlebot3_ws/build/yolo_pkg/build install --record /home/kaize/turtlebot3_ws/build/yolo_pkg/install.log --single-version-externally-managed install_data
