[0.514s] Invoking command in '/home/kaize/turtlebot3_ws/src/yolo_pkg': PYTHONPATH=/home/kaize/turtlebot3_ws/build/yolo_pkg/prefix_override:/usr/lib/python3/dist-packages/colcon_core/task/python/colcon_distutils_commands:/home/kaize/turtlebot3_ws/install/yolo_pkg/lib/python3.10/site-packages:${PYTHONPATH} /usr/bin/python3 -W ignore:setup.py install is deprecated -W ignore:easy_install command is deprecated setup.py egg_info --egg-base ../../build/yolo_pkg build --build-base /home/kaize/turtlebot3_ws/build/yolo_pkg/build install --record /home/kaize/turtlebot3_ws/build/yolo_pkg/install.log --single-version-externally-managed install_data
[0.641s] running egg_info
[0.641s] writing ../../build/yolo_pkg/yolo_pkg.egg-info/PKG-INFO
[0.641s] writing dependency_links to ../../build/yolo_pkg/yolo_pkg.egg-info/dependency_links.txt
[0.641s] writing entry points to ../../build/yolo_pkg/yolo_pkg.egg-info/entry_points.txt
[0.641s] writing requirements to ../../build/yolo_pkg/yolo_pkg.egg-info/requires.txt
[0.641s] writing top-level names to ../../build/yolo_pkg/yolo_pkg.egg-info/top_level.txt
[0.642s] reading manifest file '../../build/yolo_pkg/yolo_pkg.egg-info/SOURCES.txt'
[0.643s] writing manifest file '../../build/yolo_pkg/yolo_pkg.egg-info/SOURCES.txt'
[0.644s] running build
[0.644s] running build_py
[0.644s] running install
[0.644s] running install_lib
[0.645s] running install_data
[0.645s] running install_egg_info
[0.646s] removing '/home/kaize/turtlebot3_ws/install/yolo_pkg/lib/python3.10/site-packages/yolo_pkg-0.0.0-py3.10.egg-info' (and everything under it)
[0.646s] Copying ../../build/yolo_pkg/yolo_pkg.egg-info to /home/kaize/turtlebot3_ws/install/yolo_pkg/lib/python3.10/site-packages/yolo_pkg-0.0.0-py3.10.egg-info
[0.646s] running install_scripts
[0.658s] Installing pursuit_controller script to /home/kaize/turtlebot3_ws/install/yolo_pkg/lib/yolo_pkg
[0.659s] Installing yolo_detector script to /home/kaize/turtlebot3_ws/install/yolo_pkg/lib/yolo_pkg
[0.659s] writing list of installed files to '/home/kaize/turtlebot3_ws/build/yolo_pkg/install.log'
[0.675s] Invoked command in '/home/kaize/turtlebot3_ws/src/yolo_pkg' returned '0': PYTHONPATH=/home/kaize/turtlebot3_ws/build/yolo_pkg/prefix_override:/usr/lib/python3/dist-packages/colcon_core/task/python/colcon_distutils_commands:/home/kaize/turtlebot3_ws/install/yolo_pkg/lib/python3.10/site-packages:${PYTHONPATH} /usr/bin/python3 -W ignore:setup.py install is deprecated -W ignore:easy_install command is deprecated setup.py egg_info --egg-base ../../build/yolo_pkg build --build-base /home/kaize/turtlebot3_ws/build/yolo_pkg/build install --record /home/kaize/turtlebot3_ws/build/yolo_pkg/install.log --single-version-externally-managed install_data
