[0.012s] Invoking command in '/home/kaize/turtlebot3_ws/build/turtlebot3_gazebo': CMAKE_PREFIX_PATH=${CMAKE_PREFIX_PATH}:/home/kaize/turtlebot3_ws/install/yolo_pkg:/home/kaize/turtlebot3_ws/install/turtlebot3_teleop:/opt/ros/humble /usr/bin/cmake --build /home/kaize/turtlebot3_ws/build/turtlebot3_gazebo -- -j12 -l12
[0.155s] [ 16%] Built target turtlebot3_drive
[0.156s] [ 50%] Built target obstacle1
[0.156s] [ 50%] Built target obstacle2
[0.156s] [ 66%] Built target traffic_bar_plugin
[0.156s] [ 83%] Built target obstacles
[0.156s] [100%] Built target traffic_light_plugin
[0.291s] Invoked command in '/home/kaize/turtlebot3_ws/build/turtlebot3_gazebo' returned '0': CMAKE_PREFIX_PATH=${CMAKE_PREFIX_PATH}:/home/kaize/turtlebot3_ws/install/yolo_pkg:/home/kaize/turtlebot3_ws/install/turtlebot3_teleop:/opt/ros/humble /usr/bin/cmake --build /home/kaize/turtlebot3_ws/build/turtlebot3_gazebo -- -j12 -l12
[0.297s] Invoking command in '/home/kaize/turtlebot3_ws/build/turtlebot3_gazebo': CMAKE_PREFIX_PATH=${CMAKE_PREFIX_PATH}:/home/kaize/turtlebot3_ws/install/yolo_pkg:/home/kaize/turtlebot3_ws/install/turtlebot3_teleop:/opt/ros/humble /usr/bin/cmake --install /home/kaize/turtlebot3_ws/build/turtlebot3_gazebo
[0.303s] -- Install configuration: ""
[0.303s] -- Execute custom install script
[0.303s] -- Up-to-date symlink: /home/kaize/turtlebot3_ws/install/turtlebot3_gazebo/lib/turtlebot3_gazebo/turtlebot3_drive
[0.303s] -- Up-to-date symlink: /home/kaize/turtlebot3_ws/install/turtlebot3_gazebo/share/turtlebot3_gazebo//launch/hosp_world.launch.py
[0.303s] -- Up-to-date symlink: /home/kaize/turtlebot3_ws/install/turtlebot3_gazebo/share/turtlebot3_gazebo//launch/robot_state_publisher.launch.py
[0.303s] -- Up-to-date symlink: /home/kaize/turtlebot3_ws/install/turtlebot3_gazebo/share/turtlebot3_gazebo//launch/spawn_turtlebot3.launch.py
[0.305s] -- Up-to-date symlink: /home/kaize/turtlebot3_ws/install/turtlebot3_gazebo/share/turtlebot3_gazebo//models/BPCart/meshes/BP_BP_LP_Normal.png
[0.305s] -- Up-to-date symlink: /home/kaize/turtlebot3_ws/install/turtlebot3_gazebo/share/turtlebot3_gazebo//models/BPCart/meshes/BP_BP_LP_SpecularGloss.png
[0.305s] -- Up-to-date symlink: /home/kaize/turtlebot3_ws/install/turtlebot3_gazebo/share/turtlebot3_gazebo//models/BPCart/meshes/Cart_BP.mtl
[0.305s] -- Up-to-date symlink: /home/kaize/turtlebot3_ws/install/turtlebot3_gazebo/share/turtlebot3_gazebo//models/BPCart/meshes/Cart_BP.obj
[0.305s] -- Up-to-date symlink: /home/kaize/turtlebot3_ws/install/turtlebot3_gazebo/share/turtlebot3_gazebo//models/BPCart/meshes/Cart_BP_Col.mtl
[0.305s] -- Up-to-date symlink: /home/kaize/turtlebot3_ws/install/turtlebot3_gazebo/share/turtlebot3_gazebo//models/BPCart/meshes/Cart_BP_Col.obj
[0.305s] -- Up-to-date symlink: /home/kaize/turtlebot3_ws/install/turtlebot3_gazebo/share/turtlebot3_gazebo//models/BPCart/meshes/Cart_BP_Diffuse.png
[0.305s] -- Up-to-date symlink: /home/kaize/turtlebot3_ws/install/turtlebot3_gazebo/share/turtlebot3_gazebo//models/BPCart/meshes/Carts_Wheels_Diffuse.png
[0.305s] -- Up-to-date symlink: /home/kaize/turtlebot3_ws/install/turtlebot3_gazebo/share/turtlebot3_gazebo//models/BPCart/model.config
[0.305s] -- Up-to-date symlink: /home/kaize/turtlebot3_ws/install/turtlebot3_gazebo/share/turtlebot3_gazebo//models/BPCart/model.sdf
[0.305s] -- Up-to-date symlink: /home/kaize/turtlebot3_ws/install/turtlebot3_gazebo/share/turtlebot3_gazebo//models/BPCart/thumbnails/1.png
[0.305s] -- Up-to-date symlink: /home/kaize/turtlebot3_ws/install/turtlebot3_gazebo/share/turtlebot3_gazebo//models/BPCart/thumbnails/2.png
[0.305s] -- Up-to-date symlink: /home/kaize/turtlebot3_ws/install/turtlebot3_gazebo/share/turtlebot3_gazebo//models/BPCart/thumbnails/3.png
[0.306s] -- Up-to-date symlink: /home/kaize/turtlebot3_ws/install/turtlebot3_gazebo/share/turtlebot3_gazebo//models/BPCart/thumbnails/4.png
[0.306s] -- Up-to-date symlink: /home/kaize/turtlebot3_ws/install/turtlebot3_gazebo/share/turtlebot3_gazebo//models/BPCart/thumbnails/5.png
[0.306s] -- Up-to-date symlink: /home/kaize/turtlebot3_ws/install/turtlebot3_gazebo/share/turtlebot3_gazebo//models/BedsideTable/meshes/BedsideTable.mtl
[0.306s] -- Up-to-date symlink: /home/kaize/turtlebot3_ws/install/turtlebot3_gazebo/share/turtlebot3_gazebo//models/BedsideTable/meshes/BedsideTable.obj
[0.306s] -- Up-to-date symlink: /home/kaize/turtlebot3_ws/install/turtlebot3_gazebo/share/turtlebot3_gazebo//models/BedsideTable/meshes/BedsideTable.png
[0.306s] -- Up-to-date symlink: /home/kaize/turtlebot3_ws/install/turtlebot3_gazebo/share/turtlebot3_gazebo//models/BedsideTable/meshes/BedsideTable_Col.mtl
[0.306s] -- Up-to-date symlink: /home/kaize/turtlebot3_ws/install/turtlebot3_gazebo/share/turtlebot3_gazebo//models/BedsideTable/meshes/BedsideTable_Col.obj
[0.306s] -- Up-to-date symlink: /home/kaize/turtlebot3_ws/install/turtlebot3_gazebo/share/turtlebot3_gazebo//models/BedsideTable/meshes/BedsideTable_Diffuse.png
[0.306s] -- Up-to-date symlink: /home/kaize/turtlebot3_ws/install/turtlebot3_gazebo/share/turtlebot3_gazebo//models/BedsideTable/meshes/BedsideTable_Normal.png
[0.306s] -- Up-to-date symlink: /home/kaize/turtlebot3_ws/install/turtlebot3_gazebo/share/turtlebot3_gazebo//models/BedsideTable/meshes/BedsideTable_SpecGloss.png
[0.306s] -- Up-to-date symlink: /home/kaize/turtlebot3_ws/install/turtlebot3_gazebo/share/turtlebot3_gazebo//models/BedsideTable/model.config
[0.306s] -- Up-to-date symlink: /home/kaize/turtlebot3_ws/install/turtlebot3_gazebo/share/turtlebot3_gazebo//models/BedsideTable/model.sdf
[0.306s] -- Up-to-date symlink: /home/kaize/turtlebot3_ws/install/turtlebot3_gazebo/share/turtlebot3_gazebo//models/BedsideTable/thumbnails/1.png
[0.306s] -- Up-to-date symlink: /home/kaize/turtlebot3_ws/install/turtlebot3_gazebo/share/turtlebot3_gazebo//models/BedsideTable/thumbnails/2.png
[0.306s] -- Up-to-date symlink: /home/kaize/turtlebot3_ws/install/turtlebot3_gazebo/share/turtlebot3_gazebo//models/BedsideTable/thumbnails/3.png
[0.307s] -- Up-to-date symlink: /home/kaize/turtlebot3_ws/install/turtlebot3_gazebo/share/turtlebot3_gazebo//models/BedsideTable/thumbnails/4.png
[0.307s] -- Up-to-date symlink: /home/kaize/turtlebot3_ws/install/turtlebot3_gazebo/share/turtlebot3_gazebo//models/BedsideTable/thumbnails/5.png
[0.307s] -- Up-to-date symlink: /home/kaize/turtlebot3_ws/install/turtlebot3_gazebo/share/turtlebot3_gazebo//models/Chair/meshes/Chair.mtl
[0.307s] -- Up-to-date symlink: /home/kaize/turtlebot3_ws/install/turtlebot3_gazebo/share/turtlebot3_gazebo//models/Chair/meshes/Chair.obj
[0.307s] -- Up-to-date symlink: /home/kaize/turtlebot3_ws/install/turtlebot3_gazebo/share/turtlebot3_gazebo//models/Chair/meshes/Chair.png
[0.307s] -- Up-to-date symlink: /home/kaize/turtlebot3_ws/install/turtlebot3_gazebo/share/turtlebot3_gazebo//models/Chair/meshes/Chair_Diffuse.png
[0.307s] -- Up-to-date symlink: /home/kaize/turtlebot3_ws/install/turtlebot3_gazebo/share/turtlebot3_gazebo//models/Chair/meshes/Chair_Normal.png
[0.307s] -- Up-to-date symlink: /home/kaize/turtlebot3_ws/install/turtlebot3_gazebo/share/turtlebot3_gazebo//models/Chair/meshes/Chair_SpecGloss.png
[0.307s] -- Up-to-date symlink: /home/kaize/turtlebot3_ws/install/turtlebot3_gazebo/share/turtlebot3_gazebo//models/Chair/model.config
[0.307s] -- Up-to-date symlink: /home/kaize/turtlebot3_ws/install/turtlebot3_gazebo/share/turtlebot3_gazebo//models/Chair/model.sdf
[0.307s] -- Up-to-date symlink: /home/kaize/turtlebot3_ws/install/turtlebot3_gazebo/share/turtlebot3_gazebo//models/Chair/thumbnails/1.png
[0.307s] -- Up-to-date symlink: /home/kaize/turtlebot3_ws/install/turtlebot3_gazebo/share/turtlebot3_gazebo//models/Chair/thumbnails/2.png
[0.307s] -- Up-to-date symlink: /home/kaize/turtlebot3_ws/install/turtlebot3_gazebo/share/turtlebot3_gazebo//models/Chair/thumbnails/3.png
[0.307s] -- Up-to-date symlink: /home/kaize/turtlebot3_ws/install/turtlebot3_gazebo/share/turtlebot3_gazebo//models/Chair/thumbnails/4.png
[0.307s] -- Up-to-date symlink: /home/kaize/turtlebot3_ws/install/turtlebot3_gazebo/share/turtlebot3_gazebo//models/Chair/thumbnails/5.png
[0.307s] -- Up-to-date symlink: /home/kaize/turtlebot3_ws/install/turtlebot3_gazebo/share/turtlebot3_gazebo//models/Desk/meshes/Desk_Diffuse.png
[0.308s] -- Up-to-date symlink: /home/kaize/turtlebot3_ws/install/turtlebot3_gazebo/share/turtlebot3_gazebo//models/Desk/meshes/desk.mtl
[0.308s] -- Up-to-date symlink: /home/kaize/turtlebot3_ws/install/turtlebot3_gazebo/share/turtlebot3_gazebo//models/Desk/meshes/desk.obj
[0.308s] -- Up-to-date symlink: /home/kaize/turtlebot3_ws/install/turtlebot3_gazebo/share/turtlebot3_gazebo//models/Desk/model.config
[0.308s] -- Up-to-date symlink: /home/kaize/turtlebot3_ws/install/turtlebot3_gazebo/share/turtlebot3_gazebo//models/Desk/model.sdf
[0.308s] -- Up-to-date symlink: /home/kaize/turtlebot3_ws/install/turtlebot3_gazebo/share/turtlebot3_gazebo//models/Desk/thumbnails/1.png
[0.308s] -- Up-to-date symlink: /home/kaize/turtlebot3_ws/install/turtlebot3_gazebo/share/turtlebot3_gazebo//models/Desk/thumbnails/2.png
[0.308s] -- Up-to-date symlink: /home/kaize/turtlebot3_ws/install/turtlebot3_gazebo/share/turtlebot3_gazebo//models/Desk/thumbnails/3.png
[0.308s] -- Up-to-date symlink: /home/kaize/turtlebot3_ws/install/turtlebot3_gazebo/share/turtlebot3_gazebo//models/Desk/thumbnails/4.png
[0.308s] -- Up-to-date symlink: /home/kaize/turtlebot3_ws/install/turtlebot3_gazebo/share/turtlebot3_gazebo//models/Desk/thumbnails/5.png
[0.308s] -- Up-to-date symlink: /home/kaize/turtlebot3_ws/install/turtlebot3_gazebo/share/turtlebot3_gazebo//models/Hosp_Map/model.config
[0.308s] -- Up-to-date symlink: /home/kaize/turtlebot3_ws/install/turtlebot3_gazebo/share/turtlebot3_gazebo//models/Hosp_Map/model.sdf
[0.308s] -- Up-to-date symlink: /home/kaize/turtlebot3_ws/install/turtlebot3_gazebo/share/turtlebot3_gazebo//models/MetalCabinet/meshes/MetalCabinet.mtl
[0.308s] -- Up-to-date symlink: /home/kaize/turtlebot3_ws/install/turtlebot3_gazebo/share/turtlebot3_gazebo//models/MetalCabinet/meshes/MetalCabinet.obj
[0.308s] -- Up-to-date symlink: /home/kaize/turtlebot3_ws/install/turtlebot3_gazebo/share/turtlebot3_gazebo//models/MetalCabinet/meshes/MetalCabinet.png
[0.308s] -- Up-to-date symlink: /home/kaize/turtlebot3_ws/install/turtlebot3_gazebo/share/turtlebot3_gazebo//models/MetalCabinet/model.config
[0.309s] -- Up-to-date symlink: /home/kaize/turtlebot3_ws/install/turtlebot3_gazebo/share/turtlebot3_gazebo//models/MetalCabinet/model.sdf
[0.309s] -- Up-to-date symlink: /home/kaize/turtlebot3_ws/install/turtlebot3_gazebo/share/turtlebot3_gazebo//models/MetalCabinet/thumbnails/1.png
[0.309s] -- Up-to-date symlink: /home/kaize/turtlebot3_ws/install/turtlebot3_gazebo/share/turtlebot3_gazebo//models/MetalCabinet/thumbnails/2.png
[0.309s] -- Up-to-date symlink: /home/kaize/turtlebot3_ws/install/turtlebot3_gazebo/share/turtlebot3_gazebo//models/MetalCabinet/thumbnails/3.png
[0.309s] -- Up-to-date symlink: /home/kaize/turtlebot3_ws/install/turtlebot3_gazebo/share/turtlebot3_gazebo//models/MetalCabinet/thumbnails/4.png
[0.309s] -- Up-to-date symlink: /home/kaize/turtlebot3_ws/install/turtlebot3_gazebo/share/turtlebot3_gazebo//models/MetalCabinet/thumbnails/5.png
[0.309s] -- Up-to-date symlink: /home/kaize/turtlebot3_ws/install/turtlebot3_gazebo/share/turtlebot3_gazebo//models/MonitorAndKeyboard/meshes/keyboard.mtl
[0.309s] -- Up-to-date symlink: /home/kaize/turtlebot3_ws/install/turtlebot3_gazebo/share/turtlebot3_gazebo//models/MonitorAndKeyboard/meshes/keyboard.obj
[0.309s] -- Up-to-date symlink: /home/kaize/turtlebot3_ws/install/turtlebot3_gazebo/share/turtlebot3_gazebo//models/MonitorAndKeyboard/meshes/monitor.mtl
[0.309s] -- Up-to-date symlink: /home/kaize/turtlebot3_ws/install/turtlebot3_gazebo/share/turtlebot3_gazebo//models/MonitorAndKeyboard/meshes/monitor.obj
[0.309s] -- Up-to-date symlink: /home/kaize/turtlebot3_ws/install/turtlebot3_gazebo/share/turtlebot3_gazebo//models/MonitorAndKeyboard/model.config
[0.309s] -- Up-to-date symlink: /home/kaize/turtlebot3_ws/install/turtlebot3_gazebo/share/turtlebot3_gazebo//models/MonitorAndKeyboard/model.sdf
[0.309s] -- Up-to-date symlink: /home/kaize/turtlebot3_ws/install/turtlebot3_gazebo/share/turtlebot3_gazebo//models/MonitorAndKeyboard/thumbnails/1.png
[0.309s] -- Up-to-date symlink: /home/kaize/turtlebot3_ws/install/turtlebot3_gazebo/share/turtlebot3_gazebo//models/MonitorAndKeyboard/thumbnails/2.png
[0.309s] -- Up-to-date symlink: /home/kaize/turtlebot3_ws/install/turtlebot3_gazebo/share/turtlebot3_gazebo//models/MonitorAndKeyboard/thumbnails/3.png
[0.309s] -- Up-to-date symlink: /home/kaize/turtlebot3_ws/install/turtlebot3_gazebo/share/turtlebot3_gazebo//models/MonitorAndKeyboard/thumbnails/4.png
[0.310s] -- Up-to-date symlink: /home/kaize/turtlebot3_ws/install/turtlebot3_gazebo/share/turtlebot3_gazebo//models/MonitorAndKeyboard/thumbnails/5.png
[0.310s] -- Up-to-date symlink: /home/kaize/turtlebot3_ws/install/turtlebot3_gazebo/share/turtlebot3_gazebo//models/NurseDesk/meshes/NurseDesk.mtl
[0.310s] -- Up-to-date symlink: /home/kaize/turtlebot3_ws/install/turtlebot3_gazebo/share/turtlebot3_gazebo//models/NurseDesk/meshes/NurseDesk.obj
[0.310s] -- Up-to-date symlink: /home/kaize/turtlebot3_ws/install/turtlebot3_gazebo/share/turtlebot3_gazebo//models/NurseDesk/meshes/NurseDesk.png
[0.310s] -- Up-to-date symlink: /home/kaize/turtlebot3_ws/install/turtlebot3_gazebo/share/turtlebot3_gazebo//models/NurseDesk/meshes/NurseDesk_Diffuse.png
[0.310s] -- Up-to-date symlink: /home/kaize/turtlebot3_ws/install/turtlebot3_gazebo/share/turtlebot3_gazebo//models/NurseDesk/meshes/NurseDesk_Normal.png
[0.310s] -- Up-to-date symlink: /home/kaize/turtlebot3_ws/install/turtlebot3_gazebo/share/turtlebot3_gazebo//models/NurseDesk/meshes/NurseDesk_SpecGloss.png
[0.310s] -- Up-to-date symlink: /home/kaize/turtlebot3_ws/install/turtlebot3_gazebo/share/turtlebot3_gazebo//models/NurseDesk/model.config
[0.310s] -- Up-to-date symlink: /home/kaize/turtlebot3_ws/install/turtlebot3_gazebo/share/turtlebot3_gazebo//models/NurseDesk/model.sdf
[0.310s] -- Up-to-date symlink: /home/kaize/turtlebot3_ws/install/turtlebot3_gazebo/share/turtlebot3_gazebo//models/NurseDesk/thumbnails/1.png
[0.310s] -- Up-to-date symlink: /home/kaize/turtlebot3_ws/install/turtlebot3_gazebo/share/turtlebot3_gazebo//models/NurseDesk/thumbnails/2.png
[0.310s] -- Up-to-date symlink: /home/kaize/turtlebot3_ws/install/turtlebot3_gazebo/share/turtlebot3_gazebo//models/NurseDesk/thumbnails/3.png
[0.310s] -- Up-to-date symlink: /home/kaize/turtlebot3_ws/install/turtlebot3_gazebo/share/turtlebot3_gazebo//models/NurseDesk/thumbnails/4.png
[0.310s] -- Up-to-date symlink: /home/kaize/turtlebot3_ws/install/turtlebot3_gazebo/share/turtlebot3_gazebo//models/NurseDesk/thumbnails/5.png
[0.310s] -- Up-to-date symlink: /home/kaize/turtlebot3_ws/install/turtlebot3_gazebo/share/turtlebot3_gazebo//models/NurseTable/meshes/NurseTable.mtl
[0.311s] -- Up-to-date symlink: /home/kaize/turtlebot3_ws/install/turtlebot3_gazebo/share/turtlebot3_gazebo//models/NurseTable/meshes/NurseTable.obj
[0.311s] -- Up-to-date symlink: /home/kaize/turtlebot3_ws/install/turtlebot3_gazebo/share/turtlebot3_gazebo//models/NurseTable/meshes/NurseTable.png
[0.311s] -- Up-to-date symlink: /home/kaize/turtlebot3_ws/install/turtlebot3_gazebo/share/turtlebot3_gazebo//models/NurseTable/meshes/NurseTable_Col.mtl
[0.311s] -- Up-to-date symlink: /home/kaize/turtlebot3_ws/install/turtlebot3_gazebo/share/turtlebot3_gazebo//models/NurseTable/meshes/NurseTable_Col.obj
[0.311s] -- Up-to-date symlink: /home/kaize/turtlebot3_ws/install/turtlebot3_gazebo/share/turtlebot3_gazebo//models/NurseTable/model.config
[0.311s] -- Up-to-date symlink: /home/kaize/turtlebot3_ws/install/turtlebot3_gazebo/share/turtlebot3_gazebo//models/NurseTable/model.sdf
[0.311s] -- Up-to-date symlink: /home/kaize/turtlebot3_ws/install/turtlebot3_gazebo/share/turtlebot3_gazebo//models/NurseTable/thumbnails/1.png
[0.311s] -- Up-to-date symlink: /home/kaize/turtlebot3_ws/install/turtlebot3_gazebo/share/turtlebot3_gazebo//models/NurseTable/thumbnails/2.png
[0.311s] -- Up-to-date symlink: /home/kaize/turtlebot3_ws/install/turtlebot3_gazebo/share/turtlebot3_gazebo//models/NurseTable/thumbnails/3.png
[0.311s] -- Up-to-date symlink: /home/kaize/turtlebot3_ws/install/turtlebot3_gazebo/share/turtlebot3_gazebo//models/NurseTable/thumbnails/4.png
[0.311s] -- Up-to-date symlink: /home/kaize/turtlebot3_ws/install/turtlebot3_gazebo/share/turtlebot3_gazebo//models/NurseTable/thumbnails/5.png
[0.311s] -- Up-to-date symlink: /home/kaize/turtlebot3_ws/install/turtlebot3_gazebo/share/turtlebot3_gazebo//models/OfficeChairGrey/meshes/OfficeChairGrey.mtl
[0.311s] -- Up-to-date symlink: /home/kaize/turtlebot3_ws/install/turtlebot3_gazebo/share/turtlebot3_gazebo//models/OfficeChairGrey/meshes/OfficeChairGrey.obj
[0.311s] -- Up-to-date symlink: /home/kaize/turtlebot3_ws/install/turtlebot3_gazebo/share/turtlebot3_gazebo//models/OfficeChairGrey/meshes/OfficeChairGrey.png
[0.311s] -- Up-to-date symlink: /home/kaize/turtlebot3_ws/install/turtlebot3_gazebo/share/turtlebot3_gazebo//models/OfficeChairGrey/meshes/OfficeChairGrey_Col.mtl
[0.312s] -- Up-to-date symlink: /home/kaize/turtlebot3_ws/install/turtlebot3_gazebo/share/turtlebot3_gazebo//models/OfficeChairGrey/meshes/OfficeChairGrey_Col.obj
[0.312s] -- Up-to-date symlink: /home/kaize/turtlebot3_ws/install/turtlebot3_gazebo/share/turtlebot3_gazebo//models/OfficeChairGrey/model.config
[0.312s] -- Up-to-date symlink: /home/kaize/turtlebot3_ws/install/turtlebot3_gazebo/share/turtlebot3_gazebo//models/OfficeChairGrey/model.sdf
[0.312s] -- Up-to-date symlink: /home/kaize/turtlebot3_ws/install/turtlebot3_gazebo/share/turtlebot3_gazebo//models/OfficeChairGrey/thumbnails/1.png
[0.312s] -- Up-to-date symlink: /home/kaize/turtlebot3_ws/install/turtlebot3_gazebo/share/turtlebot3_gazebo//models/OfficeChairGrey/thumbnails/2.png
[0.312s] -- Up-to-date symlink: /home/kaize/turtlebot3_ws/install/turtlebot3_gazebo/share/turtlebot3_gazebo//models/OfficeChairGrey/thumbnails/3.png
[0.312s] -- Up-to-date symlink: /home/kaize/turtlebot3_ws/install/turtlebot3_gazebo/share/turtlebot3_gazebo//models/OfficeChairGrey/thumbnails/4.png
[0.312s] -- Up-to-date symlink: /home/kaize/turtlebot3_ws/install/turtlebot3_gazebo/share/turtlebot3_gazebo//models/OfficeChairGrey/thumbnails/5.png
[0.312s] -- Up-to-date symlink: /home/kaize/turtlebot3_ws/install/turtlebot3_gazebo/share/turtlebot3_gazebo//models/OfficeChairGrey/thumbnails/meta/1.png
[0.312s] -- Up-to-date symlink: /home/kaize/turtlebot3_ws/install/turtlebot3_gazebo/share/turtlebot3_gazebo//models/OfficeChairGrey/thumbnails/meta/2.png
[0.312s] -- Up-to-date symlink: /home/kaize/turtlebot3_ws/install/turtlebot3_gazebo/share/turtlebot3_gazebo//models/OfficeChairGrey/thumbnails/meta/3.png
[0.312s] -- Up-to-date symlink: /home/kaize/turtlebot3_ws/install/turtlebot3_gazebo/share/turtlebot3_gazebo//models/OfficeChairGrey/thumbnails/meta/4.png
[0.312s] -- Up-to-date symlink: /home/kaize/turtlebot3_ws/install/turtlebot3_gazebo/share/turtlebot3_gazebo//models/OfficeChairGrey/thumbnails/meta/5.png
[0.312s] -- Up-to-date symlink: /home/kaize/turtlebot3_ws/install/turtlebot3_gazebo/share/turtlebot3_gazebo//models/OpScrubs/meshes/OpScrubs.mtl
[0.313s] -- Up-to-date symlink: /home/kaize/turtlebot3_ws/install/turtlebot3_gazebo/share/turtlebot3_gazebo//models/OpScrubs/meshes/OpScrubs.obj
[0.313s] -- Up-to-date symlink: /home/kaize/turtlebot3_ws/install/turtlebot3_gazebo/share/turtlebot3_gazebo//models/OpScrubs/meshes/OpScrubs.png
[0.313s] -- Up-to-date symlink: /home/kaize/turtlebot3_ws/install/turtlebot3_gazebo/share/turtlebot3_gazebo//models/OpScrubs/meshes/OpScrubs_Col.mtl
[0.313s] -- Up-to-date symlink: /home/kaize/turtlebot3_ws/install/turtlebot3_gazebo/share/turtlebot3_gazebo//models/OpScrubs/meshes/OpScrubs_Col.obj
[0.313s] -- Up-to-date symlink: /home/kaize/turtlebot3_ws/install/turtlebot3_gazebo/share/turtlebot3_gazebo//models/OpScrubs/model.config
[0.313s] -- Up-to-date symlink: /home/kaize/turtlebot3_ws/install/turtlebot3_gazebo/share/turtlebot3_gazebo//models/OpScrubs/model.sdf
[0.313s] -- Up-to-date symlink: /home/kaize/turtlebot3_ws/install/turtlebot3_gazebo/share/turtlebot3_gazebo//models/OpScrubs/thumbnails/1.png
[0.313s] -- Up-to-date symlink: /home/kaize/turtlebot3_ws/install/turtlebot3_gazebo/share/turtlebot3_gazebo//models/OpScrubs/thumbnails/2.png
[0.313s] -- Up-to-date symlink: /home/kaize/turtlebot3_ws/install/turtlebot3_gazebo/share/turtlebot3_gazebo//models/OpScrubs/thumbnails/3.png
[0.313s] -- Up-to-date symlink: /home/kaize/turtlebot3_ws/install/turtlebot3_gazebo/share/turtlebot3_gazebo//models/OpScrubs/thumbnails/4.png
[0.313s] -- Up-to-date symlink: /home/kaize/turtlebot3_ws/install/turtlebot3_gazebo/share/turtlebot3_gazebo//models/OpScrubs/thumbnails/5.png
[0.313s] -- Up-to-date symlink: /home/kaize/turtlebot3_ws/install/turtlebot3_gazebo/share/turtlebot3_gazebo//models/PatientWheelChair/meshes/PatientWheelChair.mtl
[0.313s] -- Up-to-date symlink: /home/kaize/turtlebot3_ws/install/turtlebot3_gazebo/share/turtlebot3_gazebo//models/PatientWheelChair/meshes/PatientWheelChair.obj
[0.313s] -- Up-to-date symlink: /home/kaize/turtlebot3_ws/install/turtlebot3_gazebo/share/turtlebot3_gazebo//models/PatientWheelChair/meshes/PatientWheelChair_Col.mtl
[0.314s] -- Up-to-date symlink: /home/kaize/turtlebot3_ws/install/turtlebot3_gazebo/share/turtlebot3_gazebo//models/PatientWheelChair/meshes/PatientWheelChair_Col.obj
[0.314s] -- Up-to-date symlink: /home/kaize/turtlebot3_ws/install/turtlebot3_gazebo/share/turtlebot3_gazebo//models/PatientWheelChair/meshes/PatientWheelChair_Diffuse.png
[0.314s] -- Up-to-date symlink: /home/kaize/turtlebot3_ws/install/turtlebot3_gazebo/share/turtlebot3_gazebo//models/PatientWheelChair/model.config
[0.314s] -- Up-to-date symlink: /home/kaize/turtlebot3_ws/install/turtlebot3_gazebo/share/turtlebot3_gazebo//models/PatientWheelChair/model.sdf
[0.314s] -- Up-to-date symlink: /home/kaize/turtlebot3_ws/install/turtlebot3_gazebo/share/turtlebot3_gazebo//models/PatientWheelChair/thumbnails/1.png
[0.314s] -- Up-to-date symlink: /home/kaize/turtlebot3_ws/install/turtlebot3_gazebo/share/turtlebot3_gazebo//models/PatientWheelChair/thumbnails/2.png
[0.314s] -- Up-to-date symlink: /home/kaize/turtlebot3_ws/install/turtlebot3_gazebo/share/turtlebot3_gazebo//models/PatientWheelChair/thumbnails/3.png
[0.314s] -- Up-to-date symlink: /home/kaize/turtlebot3_ws/install/turtlebot3_gazebo/share/turtlebot3_gazebo//models/PatientWheelChair/thumbnails/4.png
[0.314s] -- Up-to-date symlink: /home/kaize/turtlebot3_ws/install/turtlebot3_gazebo/share/turtlebot3_gazebo//models/PatientWheelChair/thumbnails/5.png
[0.314s] -- Up-to-date symlink: /home/kaize/turtlebot3_ws/install/turtlebot3_gazebo/share/turtlebot3_gazebo//models/PotatoChipChair/meshes/PotatoChipChair.mtl
[0.314s] -- Up-to-date symlink: /home/kaize/turtlebot3_ws/install/turtlebot3_gazebo/share/turtlebot3_gazebo//models/PotatoChipChair/meshes/PotatoChipChair.obj
[0.314s] -- Up-to-date symlink: /home/kaize/turtlebot3_ws/install/turtlebot3_gazebo/share/turtlebot3_gazebo//models/PotatoChipChair/meshes/PotatoChipChairDiffuse.png
[0.314s] -- Up-to-date symlink: /home/kaize/turtlebot3_ws/install/turtlebot3_gazebo/share/turtlebot3_gazebo//models/PotatoChipChair/meshes/PotatoChipChair_Col.mtl
[0.314s] -- Up-to-date symlink: /home/kaize/turtlebot3_ws/install/turtlebot3_gazebo/share/turtlebot3_gazebo//models/PotatoChipChair/meshes/PotatoChipChair_Col.obj
[0.314s] -- Up-to-date symlink: /home/kaize/turtlebot3_ws/install/turtlebot3_gazebo/share/turtlebot3_gazebo//models/PotatoChipChair/model.config
[0.314s] -- Up-to-date symlink: /home/kaize/turtlebot3_ws/install/turtlebot3_gazebo/share/turtlebot3_gazebo//models/PotatoChipChair/model.sdf
[0.315s] -- Up-to-date symlink: /home/kaize/turtlebot3_ws/install/turtlebot3_gazebo/share/turtlebot3_gazebo//models/PotatoChipChair/thumbnails/1.png
[0.315s] -- Up-to-date symlink: /home/kaize/turtlebot3_ws/install/turtlebot3_gazebo/share/turtlebot3_gazebo//models/PotatoChipChair/thumbnails/2.png
[0.315s] -- Up-to-date symlink: /home/kaize/turtlebot3_ws/install/turtlebot3_gazebo/share/turtlebot3_gazebo//models/PotatoChipChair/thumbnails/3.png
[0.315s] -- Up-to-date symlink: /home/kaize/turtlebot3_ws/install/turtlebot3_gazebo/share/turtlebot3_gazebo//models/PotatoChipChair/thumbnails/4.png
[0.315s] -- Up-to-date symlink: /home/kaize/turtlebot3_ws/install/turtlebot3_gazebo/share/turtlebot3_gazebo//models/PotatoChipChair/thumbnails/5.png
[0.315s] -- Up-to-date symlink: /home/kaize/turtlebot3_ws/install/turtlebot3_gazebo/share/turtlebot3_gazebo//models/SquareShelf/meshes/SquareShelf.mtl
[0.315s] -- Up-to-date symlink: /home/kaize/turtlebot3_ws/install/turtlebot3_gazebo/share/turtlebot3_gazebo//models/SquareShelf/meshes/SquareShelf.obj
[0.315s] -- Up-to-date symlink: /home/kaize/turtlebot3_ws/install/turtlebot3_gazebo/share/turtlebot3_gazebo//models/SquareShelf/meshes/SquareShelf_Col.mtl
[0.315s] -- Up-to-date symlink: /home/kaize/turtlebot3_ws/install/turtlebot3_gazebo/share/turtlebot3_gazebo//models/SquareShelf/meshes/SquareShelf_Col.obj
[0.315s] -- Up-to-date symlink: /home/kaize/turtlebot3_ws/install/turtlebot3_gazebo/share/turtlebot3_gazebo//models/SquareShelf/meshes/SquareShelf_Diffuse.png
[0.315s] -- Up-to-date symlink: /home/kaize/turtlebot3_ws/install/turtlebot3_gazebo/share/turtlebot3_gazebo//models/SquareShelf/model.config
[0.315s] -- Up-to-date symlink: /home/kaize/turtlebot3_ws/install/turtlebot3_gazebo/share/turtlebot3_gazebo//models/SquareShelf/model.sdf
[0.315s] -- Up-to-date symlink: /home/kaize/turtlebot3_ws/install/turtlebot3_gazebo/share/turtlebot3_gazebo//models/SquareShelf/thumbnails/1.png
[0.315s] -- Up-to-date symlink: /home/kaize/turtlebot3_ws/install/turtlebot3_gazebo/share/turtlebot3_gazebo//models/SquareShelf/thumbnails/2.png
[0.315s] -- Up-to-date symlink: /home/kaize/turtlebot3_ws/install/turtlebot3_gazebo/share/turtlebot3_gazebo//models/SquareShelf/thumbnails/3.png
[0.315s] -- Up-to-date symlink: /home/kaize/turtlebot3_ws/install/turtlebot3_gazebo/share/turtlebot3_gazebo//models/SquareShelf/thumbnails/4.png
[0.316s] -- Up-to-date symlink: /home/kaize/turtlebot3_ws/install/turtlebot3_gazebo/share/turtlebot3_gazebo//models/SquareShelf/thumbnails/5.png
[0.316s] -- Up-to-date symlink: /home/kaize/turtlebot3_ws/install/turtlebot3_gazebo/share/turtlebot3_gazebo//models/Standing person/materials/textures/eyebrow001-unmodified.png
[0.316s] -- Up-to-date symlink: /home/kaize/turtlebot3_ws/install/turtlebot3_gazebo/share/turtlebot3_gazebo//models/Standing person/materials/textures/eyebrow001.png
[0.316s] -- Up-to-date symlink: /home/kaize/turtlebot3_ws/install/turtlebot3_gazebo/share/turtlebot3_gazebo//models/Standing person/materials/textures/green_eye.png
[0.316s] -- Up-to-date symlink: /home/kaize/turtlebot3_ws/install/turtlebot3_gazebo/share/turtlebot3_gazebo//models/Standing person/materials/textures/jeans01_normals.png
[0.316s] -- Up-to-date symlink: /home/kaize/turtlebot3_ws/install/turtlebot3_gazebo/share/turtlebot3_gazebo//models/Standing person/materials/textures/jeans_basic_diffuse.png
[0.316s] -- Up-to-date symlink: /home/kaize/turtlebot3_ws/install/turtlebot3_gazebo/share/turtlebot3_gazebo//models/Standing person/materials/textures/male02_diffuse_black-unmodified.png
[0.316s] -- Up-to-date symlink: /home/kaize/turtlebot3_ws/install/turtlebot3_gazebo/share/turtlebot3_gazebo//models/Standing person/materials/textures/male02_diffuse_black.png
[0.316s] -- Up-to-date symlink: /home/kaize/turtlebot3_ws/install/turtlebot3_gazebo/share/turtlebot3_gazebo//models/Standing person/materials/textures/teeth.png
[0.316s] -- Up-to-date symlink: /home/kaize/turtlebot3_ws/install/turtlebot3_gazebo/share/turtlebot3_gazebo//models/Standing person/materials/textures/tshirt02_normals.png
[0.316s] -- Up-to-date symlink: /home/kaize/turtlebot3_ws/install/turtlebot3_gazebo/share/turtlebot3_gazebo//models/Standing person/materials/textures/tshirt02_texture.png
[0.316s] -- Up-to-date symlink: /home/kaize/turtlebot3_ws/install/turtlebot3_gazebo/share/turtlebot3_gazebo//models/Standing person/materials/textures/young_lightskinned_male_diffuse.png
[0.316s] -- Up-to-date symlink: /home/kaize/turtlebot3_ws/install/turtlebot3_gazebo/share/turtlebot3_gazebo//models/Standing person/meshes/standing.dae
[0.316s] -- Up-to-date symlink: /home/kaize/turtlebot3_ws/install/turtlebot3_gazebo/share/turtlebot3_gazebo//models/Standing person/model.config
[0.316s] -- Up-to-date symlink: /home/kaize/turtlebot3_ws/install/turtlebot3_gazebo/share/turtlebot3_gazebo//models/Standing person/model.sdf
[0.316s] -- Up-to-date symlink: /home/kaize/turtlebot3_ws/install/turtlebot3_gazebo/share/turtlebot3_gazebo//models/Standing person/thumbnails/1.png
[0.317s] -- Up-to-date symlink: /home/kaize/turtlebot3_ws/install/turtlebot3_gazebo/share/turtlebot3_gazebo//models/Standing person/thumbnails/2.png
[0.317s] -- Up-to-date symlink: /home/kaize/turtlebot3_ws/install/turtlebot3_gazebo/share/turtlebot3_gazebo//models/Standing person/thumbnails/3.png
[0.317s] -- Up-to-date symlink: /home/kaize/turtlebot3_ws/install/turtlebot3_gazebo/share/turtlebot3_gazebo//models/Standing person/thumbnails/4.png
[0.317s] -- Up-to-date symlink: /home/kaize/turtlebot3_ws/install/turtlebot3_gazebo/share/turtlebot3_gazebo//models/Standing person/thumbnails/5.png
[0.317s] -- Up-to-date symlink: /home/kaize/turtlebot3_ws/install/turtlebot3_gazebo/share/turtlebot3_gazebo//models/TrolleyBed/meshes/TrolleyBed.mtl
[0.317s] -- Up-to-date symlink: /home/kaize/turtlebot3_ws/install/turtlebot3_gazebo/share/turtlebot3_gazebo//models/TrolleyBed/meshes/TrolleyBed.obj
[0.317s] -- Up-to-date symlink: /home/kaize/turtlebot3_ws/install/turtlebot3_gazebo/share/turtlebot3_gazebo//models/TrolleyBed/meshes/TrolleyBed_Diffuse.png
[0.317s] -- Up-to-date symlink: /home/kaize/turtlebot3_ws/install/turtlebot3_gazebo/share/turtlebot3_gazebo//models/TrolleyBed/model.config
[0.317s] -- Up-to-date symlink: /home/kaize/turtlebot3_ws/install/turtlebot3_gazebo/share/turtlebot3_gazebo//models/TrolleyBed/model.sdf
[0.317s] -- Up-to-date symlink: /home/kaize/turtlebot3_ws/install/turtlebot3_gazebo/share/turtlebot3_gazebo//models/TrolleyBed/thumbnails/1.png
[0.317s] -- Up-to-date symlink: /home/kaize/turtlebot3_ws/install/turtlebot3_gazebo/share/turtlebot3_gazebo//models/TrolleyBed/thumbnails/2.png
[0.317s] -- Up-to-date symlink: /home/kaize/turtlebot3_ws/install/turtlebot3_gazebo/share/turtlebot3_gazebo//models/TrolleyBed/thumbnails/3.png
[0.317s] -- Up-to-date symlink: /home/kaize/turtlebot3_ws/install/turtlebot3_gazebo/share/turtlebot3_gazebo//models/TrolleyBed/thumbnails/4.png
[0.317s] -- Up-to-date symlink: /home/kaize/turtlebot3_ws/install/turtlebot3_gazebo/share/turtlebot3_gazebo//models/TrolleyBed/thumbnails/5.png
[0.317s] -- Up-to-date symlink: /home/kaize/turtlebot3_ws/install/turtlebot3_gazebo/share/turtlebot3_gazebo//models/TrolleyBedPatient/meshes/PatientF.png
[0.317s] -- Up-to-date symlink: /home/kaize/turtlebot3_ws/install/turtlebot3_gazebo/share/turtlebot3_gazebo//models/TrolleyBedPatient/meshes/TrolleyBedPatient.mtl
[0.317s] -- Up-to-date symlink: /home/kaize/turtlebot3_ws/install/turtlebot3_gazebo/share/turtlebot3_gazebo//models/TrolleyBedPatient/meshes/TrolleyBedPatient.obj
[0.317s] -- Up-to-date symlink: /home/kaize/turtlebot3_ws/install/turtlebot3_gazebo/share/turtlebot3_gazebo//models/TrolleyBedPatient/meshes/TrolleyBed_Diffuse.png
[0.317s] -- Up-to-date symlink: /home/kaize/turtlebot3_ws/install/turtlebot3_gazebo/share/turtlebot3_gazebo//models/TrolleyBedPatient/model.config
[0.317s] -- Up-to-date symlink: /home/kaize/turtlebot3_ws/install/turtlebot3_gazebo/share/turtlebot3_gazebo//models/TrolleyBedPatient/model.sdf
[0.317s] -- Up-to-date symlink: /home/kaize/turtlebot3_ws/install/turtlebot3_gazebo/share/turtlebot3_gazebo//models/TrolleyBedPatient/thumbnails/1.png
[0.317s] -- Up-to-date symlink: /home/kaize/turtlebot3_ws/install/turtlebot3_gazebo/share/turtlebot3_gazebo//models/TrolleyBedPatient/thumbnails/2.png
[0.317s] -- Up-to-date symlink: /home/kaize/turtlebot3_ws/install/turtlebot3_gazebo/share/turtlebot3_gazebo//models/TrolleyBedPatient/thumbnails/3.png
[0.317s] -- Up-to-date symlink: /home/kaize/turtlebot3_ws/install/turtlebot3_gazebo/share/turtlebot3_gazebo//models/TrolleyBedPatient/thumbnails/4.png
[0.317s] -- Up-to-date symlink: /home/kaize/turtlebot3_ws/install/turtlebot3_gazebo/share/turtlebot3_gazebo//models/TrolleyBedPatient/thumbnails/5.png
[0.317s] -- Up-to-date symlink: /home/kaize/turtlebot3_ws/install/turtlebot3_gazebo/share/turtlebot3_gazebo//models/shelf/meshes/Box_paper_04_1_Base_Color.png
[0.317s] -- Up-to-date symlink: /home/kaize/turtlebot3_ws/install/turtlebot3_gazebo/share/turtlebot3_gazebo//models/shelf/meshes/shelf_big_movai.dae
[0.317s] -- Up-to-date symlink: /home/kaize/turtlebot3_ws/install/turtlebot3_gazebo/share/turtlebot3_gazebo//models/shelf/model.config
[0.317s] -- Up-to-date symlink: /home/kaize/turtlebot3_ws/install/turtlebot3_gazebo/share/turtlebot3_gazebo//models/shelf/model.sdf
[0.317s] -- Up-to-date symlink: /home/kaize/turtlebot3_ws/install/turtlebot3_gazebo/share/turtlebot3_gazebo//models/shelf/thumbnails/1.png
[0.317s] -- Up-to-date symlink: /home/kaize/turtlebot3_ws/install/turtlebot3_gazebo/share/turtlebot3_gazebo//models/turtlebot3_burger_cam/model-1_4.sdf
[0.317s] -- Up-to-date symlink: /home/kaize/turtlebot3_ws/install/turtlebot3_gazebo/share/turtlebot3_gazebo//models/turtlebot3_burger_cam/model.config
[0.317s] -- Up-to-date symlink: /home/kaize/turtlebot3_ws/install/turtlebot3_gazebo/share/turtlebot3_gazebo//models/turtlebot3_burger_cam/model.sdf
[0.317s] -- Up-to-date symlink: /home/kaize/turtlebot3_ws/install/turtlebot3_gazebo/share/turtlebot3_gazebo//models/turtlebot3_common/meshes/bases/burger_base.stl
[0.317s] -- Up-to-date symlink: /home/kaize/turtlebot3_ws/install/turtlebot3_gazebo/share/turtlebot3_gazebo//models/turtlebot3_common/meshes/bases/waffle_base.stl
[0.318s] -- Up-to-date symlink: /home/kaize/turtlebot3_ws/install/turtlebot3_gazebo/share/turtlebot3_gazebo//models/turtlebot3_common/meshes/bases/waffle_pi_base.stl
[0.318s] -- Up-to-date symlink: /home/kaize/turtlebot3_ws/install/turtlebot3_gazebo/share/turtlebot3_gazebo//models/turtlebot3_common/meshes/burger_base.dae
[0.318s] -- Up-to-date symlink: /home/kaize/turtlebot3_ws/install/turtlebot3_gazebo/share/turtlebot3_gazebo//models/turtlebot3_common/meshes/lds.dae
[0.318s] -- Up-to-date symlink: /home/kaize/turtlebot3_ws/install/turtlebot3_gazebo/share/turtlebot3_gazebo//models/turtlebot3_common/meshes/r200.dae
[0.318s] -- Up-to-date symlink: /home/kaize/turtlebot3_ws/install/turtlebot3_gazebo/share/turtlebot3_gazebo//models/turtlebot3_common/meshes/sensors/astra.dae
[0.318s] -- Up-to-date symlink: /home/kaize/turtlebot3_ws/install/turtlebot3_gazebo/share/turtlebot3_gazebo//models/turtlebot3_common/meshes/sensors/astra.jpg
[0.318s] -- Up-to-date symlink: /home/kaize/turtlebot3_ws/install/turtlebot3_gazebo/share/turtlebot3_gazebo//models/turtlebot3_common/meshes/sensors/lds.stl
[0.318s] -- Up-to-date symlink: /home/kaize/turtlebot3_ws/install/turtlebot3_gazebo/share/turtlebot3_gazebo//models/turtlebot3_common/meshes/sensors/r200.dae
[0.318s] -- Up-to-date symlink: /home/kaize/turtlebot3_ws/install/turtlebot3_gazebo/share/turtlebot3_gazebo//models/turtlebot3_common/meshes/sensors/r200.jpg
[0.318s] -- Up-to-date symlink: /home/kaize/turtlebot3_ws/install/turtlebot3_gazebo/share/turtlebot3_gazebo//models/turtlebot3_common/meshes/tire.dae
[0.318s] -- Up-to-date symlink: /home/kaize/turtlebot3_ws/install/turtlebot3_gazebo/share/turtlebot3_gazebo//models/turtlebot3_common/meshes/waffle_base.dae
[0.318s] -- Up-to-date symlink: /home/kaize/turtlebot3_ws/install/turtlebot3_gazebo/share/turtlebot3_gazebo//models/turtlebot3_common/meshes/waffle_pi_base.dae
[0.318s] -- Up-to-date symlink: /home/kaize/turtlebot3_ws/install/turtlebot3_gazebo/share/turtlebot3_gazebo//models/turtlebot3_common/meshes/wheels/left_tire.stl
[0.318s] -- Up-to-date symlink: /home/kaize/turtlebot3_ws/install/turtlebot3_gazebo/share/turtlebot3_gazebo//models/turtlebot3_common/meshes/wheels/right_tire.stl
[0.318s] -- Up-to-date symlink: /home/kaize/turtlebot3_ws/install/turtlebot3_gazebo/share/turtlebot3_gazebo//models/turtlebot3_common/model.config
[0.318s] -- Up-to-date symlink: /home/kaize/turtlebot3_ws/install/turtlebot3_gazebo/share/turtlebot3_gazebo//rviz/tb3_gazebo.rviz
[0.318s] -- Up-to-date symlink: /home/kaize/turtlebot3_ws/install/turtlebot3_gazebo/share/turtlebot3_gazebo//urdf/common_properties.urdf
[0.318s] -- Up-to-date symlink: /home/kaize/turtlebot3_ws/install/turtlebot3_gazebo/share/turtlebot3_gazebo//urdf/turtlebot3_burger_cam.urdf
[0.318s] -- Up-to-date symlink: /home/kaize/turtlebot3_ws/install/turtlebot3_gazebo/share/turtlebot3_gazebo//worlds/Hosp_world_v2.world
[0.318s] -- Up-to-date symlink: /home/kaize/turtlebot3_ws/install/turtlebot3_gazebo/include//turtlebot3_gazebo/obstacle1.hpp
[0.318s] -- Up-to-date symlink: /home/kaize/turtlebot3_ws/install/turtlebot3_gazebo/include//turtlebot3_gazebo/obstacle2.hpp
[0.318s] -- Up-to-date symlink: /home/kaize/turtlebot3_ws/install/turtlebot3_gazebo/include//turtlebot3_gazebo/obstacles.hpp
[0.318s] -- Up-to-date symlink: /home/kaize/turtlebot3_ws/install/turtlebot3_gazebo/include//turtlebot3_gazebo/traffic_bar_plugin.hpp
[0.318s] -- Up-to-date symlink: /home/kaize/turtlebot3_ws/install/turtlebot3_gazebo/include//turtlebot3_gazebo/traffic_light_plugin.hpp
[0.318s] -- Up-to-date symlink: /home/kaize/turtlebot3_ws/install/turtlebot3_gazebo/include//turtlebot3_gazebo/turtlebot3_drive.hpp
[0.318s] -- Up-to-date symlink: /home/kaize/turtlebot3_ws/install/turtlebot3_gazebo/share/ament_index/resource_index/package_run_dependencies/turtlebot3_gazebo
[0.318s] -- Up-to-date symlink: /home/kaize/turtlebot3_ws/install/turtlebot3_gazebo/share/ament_index/resource_index/parent_prefix_path/turtlebot3_gazebo
[0.318s] -- Up-to-date symlink: /home/kaize/turtlebot3_ws/install/turtlebot3_gazebo/share/turtlebot3_gazebo/environment/ament_prefix_path.sh
[0.318s] -- Up-to-date symlink: /home/kaize/turtlebot3_ws/install/turtlebot3_gazebo/share/turtlebot3_gazebo/environment/ament_prefix_path.dsv
[0.318s] -- Up-to-date symlink: /home/kaize/turtlebot3_ws/install/turtlebot3_gazebo/share/turtlebot3_gazebo/environment/path.sh
[0.318s] -- Up-to-date symlink: /home/kaize/turtlebot3_ws/install/turtlebot3_gazebo/share/turtlebot3_gazebo/environment/path.dsv
[0.318s] -- Up-to-date symlink: /home/kaize/turtlebot3_ws/install/turtlebot3_gazebo/share/turtlebot3_gazebo/local_setup.bash
[0.318s] -- Up-to-date symlink: /home/kaize/turtlebot3_ws/install/turtlebot3_gazebo/share/turtlebot3_gazebo/local_setup.sh
[0.318s] -- Up-to-date symlink: /home/kaize/turtlebot3_ws/install/turtlebot3_gazebo/share/turtlebot3_gazebo/local_setup.zsh
[0.318s] -- Up-to-date symlink: /home/kaize/turtlebot3_ws/install/turtlebot3_gazebo/share/turtlebot3_gazebo/local_setup.dsv
[0.318s] -- Symlinking: /home/kaize/turtlebot3_ws/install/turtlebot3_gazebo/share/turtlebot3_gazebo/package.dsv
[0.324s] -- Up-to-date symlink: /home/kaize/turtlebot3_ws/install/turtlebot3_gazebo/share/ament_index/resource_index/packages/turtlebot3_gazebo
[0.324s] -- Up-to-date symlink: /home/kaize/turtlebot3_ws/install/turtlebot3_gazebo/share/turtlebot3_gazebo/cmake/ament_cmake_export_include_directories-extras.cmake
[0.324s] -- Up-to-date symlink: /home/kaize/turtlebot3_ws/install/turtlebot3_gazebo/share/turtlebot3_gazebo/cmake/ament_cmake_export_dependencies-extras.cmake
[0.324s] -- Up-to-date symlink: /home/kaize/turtlebot3_ws/install/turtlebot3_gazebo/share/turtlebot3_gazebo/cmake/turtlebot3_gazeboConfig.cmake
[0.324s] -- Up-to-date symlink: /home/kaize/turtlebot3_ws/install/turtlebot3_gazebo/share/turtlebot3_gazebo/cmake/turtlebot3_gazeboConfig-version.cmake
[0.324s] -- Up-to-date symlink: /home/kaize/turtlebot3_ws/install/turtlebot3_gazebo/share/turtlebot3_gazebo/package.xml
[0.325s] Invoked command in '/home/kaize/turtlebot3_ws/build/turtlebot3_gazebo' returned '0': CMAKE_PREFIX_PATH=${CMAKE_PREFIX_PATH}:/home/kaize/turtlebot3_ws/install/yolo_pkg:/home/kaize/turtlebot3_ws/install/turtlebot3_teleop:/opt/ros/humble /usr/bin/cmake --install /home/kaize/turtlebot3_ws/build/turtlebot3_gazebo
