[ 16%] Built target turtlebot3_drive
[ 41%] Built target obstacle2
[ 50%] Built target traffic_bar_plugin
[ 66%] Built target obstacle1
[ 83%] Built target traffic_light_plugin
[100%] Built target obstacles
-- Install configuration: ""
-- Execute custom install script
-- Up-to-date symlink: /home/kaize/turtlebot3_ws/install/turtlebot3_gazebo/lib/turtlebot3_gazebo/turtlebot3_drive
-- Up-to-date symlink: /home/kaize/turtlebot3_ws/install/turtlebot3_gazebo/share/turtlebot3_gazebo//launch/hosp_world.launch.py
-- Up-to-date symlink: /home/kaize/turtlebot3_ws/install/turtlebot3_gazebo/share/turtlebot3_gazebo//launch/robot_state_publisher.launch.py
-- Up-to-date symlink: /home/kaize/turtlebot3_ws/install/turtlebot3_gazebo/share/turtlebot3_gazebo//launch/spawn_turtlebot3.launch.py
-- Up-to-date symlink: /home/kaize/turtlebot3_ws/install/turtlebot3_gazebo/share/turtlebot3_gazebo//models/BPCart/meshes/BP_BP_LP_Normal.png
-- Up-to-date symlink: /home/kaize/turtlebot3_ws/install/turtlebot3_gazebo/share/turtlebot3_gazebo//models/BPCart/meshes/BP_BP_LP_SpecularGloss.png
-- Up-to-date symlink: /home/kaize/turtlebot3_ws/install/turtlebot3_gazebo/share/turtlebot3_gazebo//models/BPCart/meshes/Cart_BP.mtl
-- Up-to-date symlink: /home/kaize/turtlebot3_ws/install/turtlebot3_gazebo/share/turtlebot3_gazebo//models/BPCart/meshes/Cart_BP.obj
-- Up-to-date symlink: /home/kaize/turtlebot3_ws/install/turtlebot3_gazebo/share/turtlebot3_gazebo//models/BPCart/meshes/Cart_BP_Col.mtl
-- Up-to-date symlink: /home/kaize/turtlebot3_ws/install/turtlebot3_gazebo/share/turtlebot3_gazebo//models/BPCart/meshes/Cart_BP_Col.obj
-- Up-to-date symlink: /home/kaize/turtlebot3_ws/install/turtlebot3_gazebo/share/turtlebot3_gazebo//models/BPCart/meshes/Cart_BP_Diffuse.png
-- Up-to-date symlink: /home/kaize/turtlebot3_ws/install/turtlebot3_gazebo/share/turtlebot3_gazebo//models/BPCart/meshes/Carts_Wheels_Diffuse.png
-- Up-to-date symlink: /home/kaize/turtlebot3_ws/install/turtlebot3_gazebo/share/turtlebot3_gazebo//models/BPCart/model.config
-- Up-to-date symlink: /home/kaize/turtlebot3_ws/install/turtlebot3_gazebo/share/turtlebot3_gazebo//models/BPCart/model.sdf
-- Up-to-date symlink: /home/kaize/turtlebot3_ws/install/turtlebot3_gazebo/share/turtlebot3_gazebo//models/BPCart/thumbnails/1.png
-- Up-to-date symlink: /home/kaize/turtlebot3_ws/install/turtlebot3_gazebo/share/turtlebot3_gazebo//models/BPCart/thumbnails/2.png
-- Up-to-date symlink: /home/kaize/turtlebot3_ws/install/turtlebot3_gazebo/share/turtlebot3_gazebo//models/BPCart/thumbnails/3.png
-- Up-to-date symlink: /home/kaize/turtlebot3_ws/install/turtlebot3_gazebo/share/turtlebot3_gazebo//models/BPCart/thumbnails/4.png
-- Up-to-date symlink: /home/kaize/turtlebot3_ws/install/turtlebot3_gazebo/share/turtlebot3_gazebo//models/BPCart/thumbnails/5.png
-- Up-to-date symlink: /home/kaize/turtlebot3_ws/install/turtlebot3_gazebo/share/turtlebot3_gazebo//models/BedsideTable/meshes/BedsideTable.mtl
-- Up-to-date symlink: /home/kaize/turtlebot3_ws/install/turtlebot3_gazebo/share/turtlebot3_gazebo//models/BedsideTable/meshes/BedsideTable.obj
-- Up-to-date symlink: /home/kaize/turtlebot3_ws/install/turtlebot3_gazebo/share/turtlebot3_gazebo//models/BedsideTable/meshes/BedsideTable.png
-- Up-to-date symlink: /home/kaize/turtlebot3_ws/install/turtlebot3_gazebo/share/turtlebot3_gazebo//models/BedsideTable/meshes/BedsideTable_Col.mtl
-- Up-to-date symlink: /home/kaize/turtlebot3_ws/install/turtlebot3_gazebo/share/turtlebot3_gazebo//models/BedsideTable/meshes/BedsideTable_Col.obj
-- Up-to-date symlink: /home/kaize/turtlebot3_ws/install/turtlebot3_gazebo/share/turtlebot3_gazebo//models/BedsideTable/meshes/BedsideTable_Diffuse.png
-- Up-to-date symlink: /home/kaize/turtlebot3_ws/install/turtlebot3_gazebo/share/turtlebot3_gazebo//models/BedsideTable/meshes/BedsideTable_Normal.png
-- Up-to-date symlink: /home/kaize/turtlebot3_ws/install/turtlebot3_gazebo/share/turtlebot3_gazebo//models/BedsideTable/meshes/BedsideTable_SpecGloss.png
-- Up-to-date symlink: /home/kaize/turtlebot3_ws/install/turtlebot3_gazebo/share/turtlebot3_gazebo//models/BedsideTable/model.config
-- Up-to-date symlink: /home/kaize/turtlebot3_ws/install/turtlebot3_gazebo/share/turtlebot3_gazebo//models/BedsideTable/model.sdf
-- Up-to-date symlink: /home/kaize/turtlebot3_ws/install/turtlebot3_gazebo/share/turtlebot3_gazebo//models/BedsideTable/thumbnails/1.png
-- Up-to-date symlink: /home/kaize/turtlebot3_ws/install/turtlebot3_gazebo/share/turtlebot3_gazebo//models/BedsideTable/thumbnails/2.png
-- Up-to-date symlink: /home/kaize/turtlebot3_ws/install/turtlebot3_gazebo/share/turtlebot3_gazebo//models/BedsideTable/thumbnails/3.png
-- Up-to-date symlink: /home/kaize/turtlebot3_ws/install/turtlebot3_gazebo/share/turtlebot3_gazebo//models/BedsideTable/thumbnails/4.png
-- Up-to-date symlink: /home/kaize/turtlebot3_ws/install/turtlebot3_gazebo/share/turtlebot3_gazebo//models/BedsideTable/thumbnails/5.png
-- Up-to-date symlink: /home/kaize/turtlebot3_ws/install/turtlebot3_gazebo/share/turtlebot3_gazebo//models/Chair/meshes/Chair.mtl
-- Up-to-date symlink: /home/kaize/turtlebot3_ws/install/turtlebot3_gazebo/share/turtlebot3_gazebo//models/Chair/meshes/Chair.obj
-- Up-to-date symlink: /home/kaize/turtlebot3_ws/install/turtlebot3_gazebo/share/turtlebot3_gazebo//models/Chair/meshes/Chair.png
-- Up-to-date symlink: /home/kaize/turtlebot3_ws/install/turtlebot3_gazebo/share/turtlebot3_gazebo//models/Chair/meshes/Chair_Diffuse.png
-- Up-to-date symlink: /home/kaize/turtlebot3_ws/install/turtlebot3_gazebo/share/turtlebot3_gazebo//models/Chair/meshes/Chair_Normal.png
-- Up-to-date symlink: /home/kaize/turtlebot3_ws/install/turtlebot3_gazebo/share/turtlebot3_gazebo//models/Chair/meshes/Chair_SpecGloss.png
-- Up-to-date symlink: /home/kaize/turtlebot3_ws/install/turtlebot3_gazebo/share/turtlebot3_gazebo//models/Chair/model.config
-- Up-to-date symlink: /home/kaize/turtlebot3_ws/install/turtlebot3_gazebo/share/turtlebot3_gazebo//models/Chair/model.sdf
-- Up-to-date symlink: /home/kaize/turtlebot3_ws/install/turtlebot3_gazebo/share/turtlebot3_gazebo//models/Chair/thumbnails/1.png
-- Up-to-date symlink: /home/kaize/turtlebot3_ws/install/turtlebot3_gazebo/share/turtlebot3_gazebo//models/Chair/thumbnails/2.png
-- Up-to-date symlink: /home/kaize/turtlebot3_ws/install/turtlebot3_gazebo/share/turtlebot3_gazebo//models/Chair/thumbnails/3.png
-- Up-to-date symlink: /home/kaize/turtlebot3_ws/install/turtlebot3_gazebo/share/turtlebot3_gazebo//models/Chair/thumbnails/4.png
-- Up-to-date symlink: /home/kaize/turtlebot3_ws/install/turtlebot3_gazebo/share/turtlebot3_gazebo//models/Chair/thumbnails/5.png
-- Up-to-date symlink: /home/kaize/turtlebot3_ws/install/turtlebot3_gazebo/share/turtlebot3_gazebo//models/Desk/meshes/Desk_Diffuse.png
-- Up-to-date symlink: /home/kaize/turtlebot3_ws/install/turtlebot3_gazebo/share/turtlebot3_gazebo//models/Desk/meshes/desk.mtl
-- Up-to-date symlink: /home/kaize/turtlebot3_ws/install/turtlebot3_gazebo/share/turtlebot3_gazebo//models/Desk/meshes/desk.obj
-- Up-to-date symlink: /home/kaize/turtlebot3_ws/install/turtlebot3_gazebo/share/turtlebot3_gazebo//models/Desk/model.config
-- Up-to-date symlink: /home/kaize/turtlebot3_ws/install/turtlebot3_gazebo/share/turtlebot3_gazebo//models/Desk/model.sdf
-- Up-to-date symlink: /home/kaize/turtlebot3_ws/install/turtlebot3_gazebo/share/turtlebot3_gazebo//models/Desk/thumbnails/1.png
-- Up-to-date symlink: /home/kaize/turtlebot3_ws/install/turtlebot3_gazebo/share/turtlebot3_gazebo//models/Desk/thumbnails/2.png
-- Up-to-date symlink: /home/kaize/turtlebot3_ws/install/turtlebot3_gazebo/share/turtlebot3_gazebo//models/Desk/thumbnails/3.png
-- Up-to-date symlink: /home/kaize/turtlebot3_ws/install/turtlebot3_gazebo/share/turtlebot3_gazebo//models/Desk/thumbnails/4.png
-- Up-to-date symlink: /home/kaize/turtlebot3_ws/install/turtlebot3_gazebo/share/turtlebot3_gazebo//models/Desk/thumbnails/5.png
-- Up-to-date symlink: /home/kaize/turtlebot3_ws/install/turtlebot3_gazebo/share/turtlebot3_gazebo//models/Hosp_Map/model.config
-- Up-to-date symlink: /home/kaize/turtlebot3_ws/install/turtlebot3_gazebo/share/turtlebot3_gazebo//models/Hosp_Map/model.sdf
-- Up-to-date symlink: /home/kaize/turtlebot3_ws/install/turtlebot3_gazebo/share/turtlebot3_gazebo//models/MetalCabinet/meshes/MetalCabinet.mtl
-- Up-to-date symlink: /home/kaize/turtlebot3_ws/install/turtlebot3_gazebo/share/turtlebot3_gazebo//models/MetalCabinet/meshes/MetalCabinet.obj
-- Up-to-date symlink: /home/kaize/turtlebot3_ws/install/turtlebot3_gazebo/share/turtlebot3_gazebo//models/MetalCabinet/meshes/MetalCabinet.png
-- Up-to-date symlink: /home/kaize/turtlebot3_ws/install/turtlebot3_gazebo/share/turtlebot3_gazebo//models/MetalCabinet/model.config
-- Up-to-date symlink: /home/kaize/turtlebot3_ws/install/turtlebot3_gazebo/share/turtlebot3_gazebo//models/MetalCabinet/model.sdf
-- Up-to-date symlink: /home/kaize/turtlebot3_ws/install/turtlebot3_gazebo/share/turtlebot3_gazebo//models/MetalCabinet/thumbnails/1.png
-- Up-to-date symlink: /home/kaize/turtlebot3_ws/install/turtlebot3_gazebo/share/turtlebot3_gazebo//models/MetalCabinet/thumbnails/2.png
-- Up-to-date symlink: /home/kaize/turtlebot3_ws/install/turtlebot3_gazebo/share/turtlebot3_gazebo//models/MetalCabinet/thumbnails/3.png
-- Up-to-date symlink: /home/kaize/turtlebot3_ws/install/turtlebot3_gazebo/share/turtlebot3_gazebo//models/MetalCabinet/thumbnails/4.png
-- Up-to-date symlink: /home/kaize/turtlebot3_ws/install/turtlebot3_gazebo/share/turtlebot3_gazebo//models/MetalCabinet/thumbnails/5.png
-- Up-to-date symlink: /home/kaize/turtlebot3_ws/install/turtlebot3_gazebo/share/turtlebot3_gazebo//models/MonitorAndKeyboard/meshes/keyboard.mtl
-- Up-to-date symlink: /home/kaize/turtlebot3_ws/install/turtlebot3_gazebo/share/turtlebot3_gazebo//models/MonitorAndKeyboard/meshes/keyboard.obj
-- Up-to-date symlink: /home/kaize/turtlebot3_ws/install/turtlebot3_gazebo/share/turtlebot3_gazebo//models/MonitorAndKeyboard/meshes/monitor.mtl
-- Up-to-date symlink: /home/kaize/turtlebot3_ws/install/turtlebot3_gazebo/share/turtlebot3_gazebo//models/MonitorAndKeyboard/meshes/monitor.obj
-- Up-to-date symlink: /home/kaize/turtlebot3_ws/install/turtlebot3_gazebo/share/turtlebot3_gazebo//models/MonitorAndKeyboard/model.config
-- Up-to-date symlink: /home/kaize/turtlebot3_ws/install/turtlebot3_gazebo/share/turtlebot3_gazebo//models/MonitorAndKeyboard/model.sdf
-- Up-to-date symlink: /home/kaize/turtlebot3_ws/install/turtlebot3_gazebo/share/turtlebot3_gazebo//models/MonitorAndKeyboard/thumbnails/1.png
-- Up-to-date symlink: /home/kaize/turtlebot3_ws/install/turtlebot3_gazebo/share/turtlebot3_gazebo//models/MonitorAndKeyboard/thumbnails/2.png
-- Up-to-date symlink: /home/kaize/turtlebot3_ws/install/turtlebot3_gazebo/share/turtlebot3_gazebo//models/MonitorAndKeyboard/thumbnails/3.png
-- Up-to-date symlink: /home/kaize/turtlebot3_ws/install/turtlebot3_gazebo/share/turtlebot3_gazebo//models/MonitorAndKeyboard/thumbnails/4.png
-- Up-to-date symlink: /home/kaize/turtlebot3_ws/install/turtlebot3_gazebo/share/turtlebot3_gazebo//models/MonitorAndKeyboard/thumbnails/5.png
-- Up-to-date symlink: /home/kaize/turtlebot3_ws/install/turtlebot3_gazebo/share/turtlebot3_gazebo//models/NurseDesk/meshes/NurseDesk.mtl
-- Up-to-date symlink: /home/kaize/turtlebot3_ws/install/turtlebot3_gazebo/share/turtlebot3_gazebo//models/NurseDesk/meshes/NurseDesk.obj
-- Up-to-date symlink: /home/kaize/turtlebot3_ws/install/turtlebot3_gazebo/share/turtlebot3_gazebo//models/NurseDesk/meshes/NurseDesk.png
-- Up-to-date symlink: /home/kaize/turtlebot3_ws/install/turtlebot3_gazebo/share/turtlebot3_gazebo//models/NurseDesk/meshes/NurseDesk_Diffuse.png
-- Up-to-date symlink: /home/kaize/turtlebot3_ws/install/turtlebot3_gazebo/share/turtlebot3_gazebo//models/NurseDesk/meshes/NurseDesk_Normal.png
-- Up-to-date symlink: /home/kaize/turtlebot3_ws/install/turtlebot3_gazebo/share/turtlebot3_gazebo//models/NurseDesk/meshes/NurseDesk_SpecGloss.png
-- Up-to-date symlink: /home/kaize/turtlebot3_ws/install/turtlebot3_gazebo/share/turtlebot3_gazebo//models/NurseDesk/model.config
-- Up-to-date symlink: /home/kaize/turtlebot3_ws/install/turtlebot3_gazebo/share/turtlebot3_gazebo//models/NurseDesk/model.sdf
-- Up-to-date symlink: /home/kaize/turtlebot3_ws/install/turtlebot3_gazebo/share/turtlebot3_gazebo//models/NurseDesk/thumbnails/1.png
-- Up-to-date symlink: /home/kaize/turtlebot3_ws/install/turtlebot3_gazebo/share/turtlebot3_gazebo//models/NurseDesk/thumbnails/2.png
-- Up-to-date symlink: /home/kaize/turtlebot3_ws/install/turtlebot3_gazebo/share/turtlebot3_gazebo//models/NurseDesk/thumbnails/3.png
-- Up-to-date symlink: /home/kaize/turtlebot3_ws/install/turtlebot3_gazebo/share/turtlebot3_gazebo//models/NurseDesk/thumbnails/4.png
-- Up-to-date symlink: /home/kaize/turtlebot3_ws/install/turtlebot3_gazebo/share/turtlebot3_gazebo//models/NurseDesk/thumbnails/5.png
-- Up-to-date symlink: /home/kaize/turtlebot3_ws/install/turtlebot3_gazebo/share/turtlebot3_gazebo//models/NurseTable/meshes/NurseTable.mtl
-- Up-to-date symlink: /home/kaize/turtlebot3_ws/install/turtlebot3_gazebo/share/turtlebot3_gazebo//models/NurseTable/meshes/NurseTable.obj
-- Up-to-date symlink: /home/kaize/turtlebot3_ws/install/turtlebot3_gazebo/share/turtlebot3_gazebo//models/NurseTable/meshes/NurseTable.png
-- Up-to-date symlink: /home/kaize/turtlebot3_ws/install/turtlebot3_gazebo/share/turtlebot3_gazebo//models/NurseTable/meshes/NurseTable_Col.mtl
-- Up-to-date symlink: /home/kaize/turtlebot3_ws/install/turtlebot3_gazebo/share/turtlebot3_gazebo//models/NurseTable/meshes/NurseTable_Col.obj
-- Up-to-date symlink: /home/kaize/turtlebot3_ws/install/turtlebot3_gazebo/share/turtlebot3_gazebo//models/NurseTable/model.config
-- Up-to-date symlink: /home/kaize/turtlebot3_ws/install/turtlebot3_gazebo/share/turtlebot3_gazebo//models/NurseTable/model.sdf
-- Up-to-date symlink: /home/kaize/turtlebot3_ws/install/turtlebot3_gazebo/share/turtlebot3_gazebo//models/NurseTable/thumbnails/1.png
-- Up-to-date symlink: /home/kaize/turtlebot3_ws/install/turtlebot3_gazebo/share/turtlebot3_gazebo//models/NurseTable/thumbnails/2.png
-- Up-to-date symlink: /home/kaize/turtlebot3_ws/install/turtlebot3_gazebo/share/turtlebot3_gazebo//models/NurseTable/thumbnails/3.png
-- Up-to-date symlink: /home/kaize/turtlebot3_ws/install/turtlebot3_gazebo/share/turtlebot3_gazebo//models/NurseTable/thumbnails/4.png
-- Up-to-date symlink: /home/kaize/turtlebot3_ws/install/turtlebot3_gazebo/share/turtlebot3_gazebo//models/NurseTable/thumbnails/5.png
-- Up-to-date symlink: /home/kaize/turtlebot3_ws/install/turtlebot3_gazebo/share/turtlebot3_gazebo//models/OfficeChairGrey/meshes/OfficeChairGrey.mtl
-- Up-to-date symlink: /home/kaize/turtlebot3_ws/install/turtlebot3_gazebo/share/turtlebot3_gazebo//models/OfficeChairGrey/meshes/OfficeChairGrey.obj
-- Up-to-date symlink: /home/kaize/turtlebot3_ws/install/turtlebot3_gazebo/share/turtlebot3_gazebo//models/OfficeChairGrey/meshes/OfficeChairGrey.png
-- Up-to-date symlink: /home/kaize/turtlebot3_ws/install/turtlebot3_gazebo/share/turtlebot3_gazebo//models/OfficeChairGrey/meshes/OfficeChairGrey_Col.mtl
-- Up-to-date symlink: /home/kaize/turtlebot3_ws/install/turtlebot3_gazebo/share/turtlebot3_gazebo//models/OfficeChairGrey/meshes/OfficeChairGrey_Col.obj
-- Up-to-date symlink: /home/kaize/turtlebot3_ws/install/turtlebot3_gazebo/share/turtlebot3_gazebo//models/OfficeChairGrey/model.config
-- Up-to-date symlink: /home/kaize/turtlebot3_ws/install/turtlebot3_gazebo/share/turtlebot3_gazebo//models/OfficeChairGrey/model.sdf
-- Up-to-date symlink: /home/kaize/turtlebot3_ws/install/turtlebot3_gazebo/share/turtlebot3_gazebo//models/OfficeChairGrey/thumbnails/1.png
-- Up-to-date symlink: /home/kaize/turtlebot3_ws/install/turtlebot3_gazebo/share/turtlebot3_gazebo//models/OfficeChairGrey/thumbnails/2.png
-- Up-to-date symlink: /home/kaize/turtlebot3_ws/install/turtlebot3_gazebo/share/turtlebot3_gazebo//models/OfficeChairGrey/thumbnails/3.png
-- Up-to-date symlink: /home/kaize/turtlebot3_ws/install/turtlebot3_gazebo/share/turtlebot3_gazebo//models/OfficeChairGrey/thumbnails/4.png
-- Up-to-date symlink: /home/kaize/turtlebot3_ws/install/turtlebot3_gazebo/share/turtlebot3_gazebo//models/OfficeChairGrey/thumbnails/5.png
-- Up-to-date symlink: /home/kaize/turtlebot3_ws/install/turtlebot3_gazebo/share/turtlebot3_gazebo//models/OfficeChairGrey/thumbnails/meta/1.png
-- Up-to-date symlink: /home/kaize/turtlebot3_ws/install/turtlebot3_gazebo/share/turtlebot3_gazebo//models/OfficeChairGrey/thumbnails/meta/2.png
-- Up-to-date symlink: /home/kaize/turtlebot3_ws/install/turtlebot3_gazebo/share/turtlebot3_gazebo//models/OfficeChairGrey/thumbnails/meta/3.png
-- Up-to-date symlink: /home/kaize/turtlebot3_ws/install/turtlebot3_gazebo/share/turtlebot3_gazebo//models/OfficeChairGrey/thumbnails/meta/4.png
-- Up-to-date symlink: /home/kaize/turtlebot3_ws/install/turtlebot3_gazebo/share/turtlebot3_gazebo//models/OfficeChairGrey/thumbnails/meta/5.png
-- Up-to-date symlink: /home/kaize/turtlebot3_ws/install/turtlebot3_gazebo/share/turtlebot3_gazebo//models/OpScrubs/meshes/OpScrubs.mtl
-- Up-to-date symlink: /home/kaize/turtlebot3_ws/install/turtlebot3_gazebo/share/turtlebot3_gazebo//models/OpScrubs/meshes/OpScrubs.obj
-- Up-to-date symlink: /home/kaize/turtlebot3_ws/install/turtlebot3_gazebo/share/turtlebot3_gazebo//models/OpScrubs/meshes/OpScrubs.png
-- Up-to-date symlink: /home/kaize/turtlebot3_ws/install/turtlebot3_gazebo/share/turtlebot3_gazebo//models/OpScrubs/meshes/OpScrubs_Col.mtl
-- Up-to-date symlink: /home/kaize/turtlebot3_ws/install/turtlebot3_gazebo/share/turtlebot3_gazebo//models/OpScrubs/meshes/OpScrubs_Col.obj
-- Up-to-date symlink: /home/kaize/turtlebot3_ws/install/turtlebot3_gazebo/share/turtlebot3_gazebo//models/OpScrubs/model.config
-- Up-to-date symlink: /home/kaize/turtlebot3_ws/install/turtlebot3_gazebo/share/turtlebot3_gazebo//models/OpScrubs/model.sdf
-- Up-to-date symlink: /home/kaize/turtlebot3_ws/install/turtlebot3_gazebo/share/turtlebot3_gazebo//models/OpScrubs/thumbnails/1.png
-- Up-to-date symlink: /home/kaize/turtlebot3_ws/install/turtlebot3_gazebo/share/turtlebot3_gazebo//models/OpScrubs/thumbnails/2.png
-- Up-to-date symlink: /home/kaize/turtlebot3_ws/install/turtlebot3_gazebo/share/turtlebot3_gazebo//models/OpScrubs/thumbnails/3.png
-- Up-to-date symlink: /home/kaize/turtlebot3_ws/install/turtlebot3_gazebo/share/turtlebot3_gazebo//models/OpScrubs/thumbnails/4.png
-- Up-to-date symlink: /home/kaize/turtlebot3_ws/install/turtlebot3_gazebo/share/turtlebot3_gazebo//models/OpScrubs/thumbnails/5.png
-- Up-to-date symlink: /home/kaize/turtlebot3_ws/install/turtlebot3_gazebo/share/turtlebot3_gazebo//models/PatientWheelChair/meshes/PatientWheelChair.mtl
-- Up-to-date symlink: /home/kaize/turtlebot3_ws/install/turtlebot3_gazebo/share/turtlebot3_gazebo//models/PatientWheelChair/meshes/PatientWheelChair.obj
-- Up-to-date symlink: /home/kaize/turtlebot3_ws/install/turtlebot3_gazebo/share/turtlebot3_gazebo//models/PatientWheelChair/meshes/PatientWheelChair_Col.mtl
-- Up-to-date symlink: /home/kaize/turtlebot3_ws/install/turtlebot3_gazebo/share/turtlebot3_gazebo//models/PatientWheelChair/meshes/PatientWheelChair_Col.obj
-- Up-to-date symlink: /home/kaize/turtlebot3_ws/install/turtlebot3_gazebo/share/turtlebot3_gazebo//models/PatientWheelChair/meshes/PatientWheelChair_Diffuse.png
-- Up-to-date symlink: /home/kaize/turtlebot3_ws/install/turtlebot3_gazebo/share/turtlebot3_gazebo//models/PatientWheelChair/model.config
-- Up-to-date symlink: /home/kaize/turtlebot3_ws/install/turtlebot3_gazebo/share/turtlebot3_gazebo//models/PatientWheelChair/model.sdf
-- Up-to-date symlink: /home/kaize/turtlebot3_ws/install/turtlebot3_gazebo/share/turtlebot3_gazebo//models/PatientWheelChair/thumbnails/1.png
-- Up-to-date symlink: /home/kaize/turtlebot3_ws/install/turtlebot3_gazebo/share/turtlebot3_gazebo//models/PatientWheelChair/thumbnails/2.png
-- Up-to-date symlink: /home/kaize/turtlebot3_ws/install/turtlebot3_gazebo/share/turtlebot3_gazebo//models/PatientWheelChair/thumbnails/3.png
-- Up-to-date symlink: /home/kaize/turtlebot3_ws/install/turtlebot3_gazebo/share/turtlebot3_gazebo//models/PatientWheelChair/thumbnails/4.png
-- Up-to-date symlink: /home/kaize/turtlebot3_ws/install/turtlebot3_gazebo/share/turtlebot3_gazebo//models/PatientWheelChair/thumbnails/5.png
-- Up-to-date symlink: /home/kaize/turtlebot3_ws/install/turtlebot3_gazebo/share/turtlebot3_gazebo//models/PotatoChipChair/meshes/PotatoChipChair.mtl
-- Up-to-date symlink: /home/kaize/turtlebot3_ws/install/turtlebot3_gazebo/share/turtlebot3_gazebo//models/PotatoChipChair/meshes/PotatoChipChair.obj
-- Up-to-date symlink: /home/kaize/turtlebot3_ws/install/turtlebot3_gazebo/share/turtlebot3_gazebo//models/PotatoChipChair/meshes/PotatoChipChairDiffuse.png
-- Up-to-date symlink: /home/kaize/turtlebot3_ws/install/turtlebot3_gazebo/share/turtlebot3_gazebo//models/PotatoChipChair/meshes/PotatoChipChair_Col.mtl
-- Up-to-date symlink: /home/kaize/turtlebot3_ws/install/turtlebot3_gazebo/share/turtlebot3_gazebo//models/PotatoChipChair/meshes/PotatoChipChair_Col.obj
-- Up-to-date symlink: /home/kaize/turtlebot3_ws/install/turtlebot3_gazebo/share/turtlebot3_gazebo//models/PotatoChipChair/model.config
-- Up-to-date symlink: /home/kaize/turtlebot3_ws/install/turtlebot3_gazebo/share/turtlebot3_gazebo//models/PotatoChipChair/model.sdf
-- Up-to-date symlink: /home/kaize/turtlebot3_ws/install/turtlebot3_gazebo/share/turtlebot3_gazebo//models/PotatoChipChair/thumbnails/1.png
-- Up-to-date symlink: /home/kaize/turtlebot3_ws/install/turtlebot3_gazebo/share/turtlebot3_gazebo//models/PotatoChipChair/thumbnails/2.png
-- Up-to-date symlink: /home/kaize/turtlebot3_ws/install/turtlebot3_gazebo/share/turtlebot3_gazebo//models/PotatoChipChair/thumbnails/3.png
-- Up-to-date symlink: /home/kaize/turtlebot3_ws/install/turtlebot3_gazebo/share/turtlebot3_gazebo//models/PotatoChipChair/thumbnails/4.png
-- Up-to-date symlink: /home/kaize/turtlebot3_ws/install/turtlebot3_gazebo/share/turtlebot3_gazebo//models/PotatoChipChair/thumbnails/5.png
-- Up-to-date symlink: /home/kaize/turtlebot3_ws/install/turtlebot3_gazebo/share/turtlebot3_gazebo//models/SquareShelf/meshes/SquareShelf.mtl
-- Up-to-date symlink: /home/kaize/turtlebot3_ws/install/turtlebot3_gazebo/share/turtlebot3_gazebo//models/SquareShelf/meshes/SquareShelf.obj
-- Up-to-date symlink: /home/kaize/turtlebot3_ws/install/turtlebot3_gazebo/share/turtlebot3_gazebo//models/SquareShelf/meshes/SquareShelf_Col.mtl
-- Up-to-date symlink: /home/kaize/turtlebot3_ws/install/turtlebot3_gazebo/share/turtlebot3_gazebo//models/SquareShelf/meshes/SquareShelf_Col.obj
-- Up-to-date symlink: /home/kaize/turtlebot3_ws/install/turtlebot3_gazebo/share/turtlebot3_gazebo//models/SquareShelf/meshes/SquareShelf_Diffuse.png
-- Up-to-date symlink: /home/kaize/turtlebot3_ws/install/turtlebot3_gazebo/share/turtlebot3_gazebo//models/SquareShelf/model.config
-- Up-to-date symlink: /home/kaize/turtlebot3_ws/install/turtlebot3_gazebo/share/turtlebot3_gazebo//models/SquareShelf/model.sdf
-- Up-to-date symlink: /home/kaize/turtlebot3_ws/install/turtlebot3_gazebo/share/turtlebot3_gazebo//models/SquareShelf/thumbnails/1.png
-- Up-to-date symlink: /home/kaize/turtlebot3_ws/install/turtlebot3_gazebo/share/turtlebot3_gazebo//models/SquareShelf/thumbnails/2.png
-- Up-to-date symlink: /home/kaize/turtlebot3_ws/install/turtlebot3_gazebo/share/turtlebot3_gazebo//models/SquareShelf/thumbnails/3.png
-- Up-to-date symlink: /home/kaize/turtlebot3_ws/install/turtlebot3_gazebo/share/turtlebot3_gazebo//models/SquareShelf/thumbnails/4.png
-- Up-to-date symlink: /home/kaize/turtlebot3_ws/install/turtlebot3_gazebo/share/turtlebot3_gazebo//models/SquareShelf/thumbnails/5.png
-- Up-to-date symlink: /home/kaize/turtlebot3_ws/install/turtlebot3_gazebo/share/turtlebot3_gazebo//models/Standing person/materials/textures/eyebrow001-unmodified.png
-- Up-to-date symlink: /home/kaize/turtlebot3_ws/install/turtlebot3_gazebo/share/turtlebot3_gazebo//models/Standing person/materials/textures/eyebrow001.png
-- Up-to-date symlink: /home/kaize/turtlebot3_ws/install/turtlebot3_gazebo/share/turtlebot3_gazebo//models/Standing person/materials/textures/green_eye.png
-- Up-to-date symlink: /home/kaize/turtlebot3_ws/install/turtlebot3_gazebo/share/turtlebot3_gazebo//models/Standing person/materials/textures/jeans01_normals.png
-- Up-to-date symlink: /home/kaize/turtlebot3_ws/install/turtlebot3_gazebo/share/turtlebot3_gazebo//models/Standing person/materials/textures/jeans_basic_diffuse.png
-- Up-to-date symlink: /home/kaize/turtlebot3_ws/install/turtlebot3_gazebo/share/turtlebot3_gazebo//models/Standing person/materials/textures/male02_diffuse_black-unmodified.png
-- Up-to-date symlink: /home/kaize/turtlebot3_ws/install/turtlebot3_gazebo/share/turtlebot3_gazebo//models/Standing person/materials/textures/male02_diffuse_black.png
-- Up-to-date symlink: /home/kaize/turtlebot3_ws/install/turtlebot3_gazebo/share/turtlebot3_gazebo//models/Standing person/materials/textures/teeth.png
-- Up-to-date symlink: /home/kaize/turtlebot3_ws/install/turtlebot3_gazebo/share/turtlebot3_gazebo//models/Standing person/materials/textures/tshirt02_normals.png
-- Up-to-date symlink: /home/kaize/turtlebot3_ws/install/turtlebot3_gazebo/share/turtlebot3_gazebo//models/Standing person/materials/textures/tshirt02_texture.png
-- Up-to-date symlink: /home/kaize/turtlebot3_ws/install/turtlebot3_gazebo/share/turtlebot3_gazebo//models/Standing person/materials/textures/young_lightskinned_male_diffuse.png
-- Up-to-date symlink: /home/kaize/turtlebot3_ws/install/turtlebot3_gazebo/share/turtlebot3_gazebo//models/Standing person/meshes/standing.dae
-- Up-to-date symlink: /home/kaize/turtlebot3_ws/install/turtlebot3_gazebo/share/turtlebot3_gazebo//models/Standing person/model.config
-- Up-to-date symlink: /home/kaize/turtlebot3_ws/install/turtlebot3_gazebo/share/turtlebot3_gazebo//models/Standing person/model.sdf
-- Up-to-date symlink: /home/kaize/turtlebot3_ws/install/turtlebot3_gazebo/share/turtlebot3_gazebo//models/Standing person/thumbnails/1.png
-- Up-to-date symlink: /home/kaize/turtlebot3_ws/install/turtlebot3_gazebo/share/turtlebot3_gazebo//models/Standing person/thumbnails/2.png
-- Up-to-date symlink: /home/kaize/turtlebot3_ws/install/turtlebot3_gazebo/share/turtlebot3_gazebo//models/Standing person/thumbnails/3.png
-- Up-to-date symlink: /home/kaize/turtlebot3_ws/install/turtlebot3_gazebo/share/turtlebot3_gazebo//models/Standing person/thumbnails/4.png
-- Up-to-date symlink: /home/kaize/turtlebot3_ws/install/turtlebot3_gazebo/share/turtlebot3_gazebo//models/Standing person/thumbnails/5.png
-- Up-to-date symlink: /home/kaize/turtlebot3_ws/install/turtlebot3_gazebo/share/turtlebot3_gazebo//models/TrolleyBed/meshes/TrolleyBed.mtl
-- Up-to-date symlink: /home/kaize/turtlebot3_ws/install/turtlebot3_gazebo/share/turtlebot3_gazebo//models/TrolleyBed/meshes/TrolleyBed.obj
-- Up-to-date symlink: /home/kaize/turtlebot3_ws/install/turtlebot3_gazebo/share/turtlebot3_gazebo//models/TrolleyBed/meshes/TrolleyBed_Diffuse.png
-- Up-to-date symlink: /home/kaize/turtlebot3_ws/install/turtlebot3_gazebo/share/turtlebot3_gazebo//models/TrolleyBed/model.config
-- Up-to-date symlink: /home/kaize/turtlebot3_ws/install/turtlebot3_gazebo/share/turtlebot3_gazebo//models/TrolleyBed/model.sdf
-- Up-to-date symlink: /home/kaize/turtlebot3_ws/install/turtlebot3_gazebo/share/turtlebot3_gazebo//models/TrolleyBed/thumbnails/1.png
-- Up-to-date symlink: /home/kaize/turtlebot3_ws/install/turtlebot3_gazebo/share/turtlebot3_gazebo//models/TrolleyBed/thumbnails/2.png
-- Up-to-date symlink: /home/kaize/turtlebot3_ws/install/turtlebot3_gazebo/share/turtlebot3_gazebo//models/TrolleyBed/thumbnails/3.png
-- Up-to-date symlink: /home/kaize/turtlebot3_ws/install/turtlebot3_gazebo/share/turtlebot3_gazebo//models/TrolleyBed/thumbnails/4.png
-- Up-to-date symlink: /home/kaize/turtlebot3_ws/install/turtlebot3_gazebo/share/turtlebot3_gazebo//models/TrolleyBed/thumbnails/5.png
-- Up-to-date symlink: /home/kaize/turtlebot3_ws/install/turtlebot3_gazebo/share/turtlebot3_gazebo//models/TrolleyBedPatient/meshes/PatientF.png
-- Up-to-date symlink: /home/kaize/turtlebot3_ws/install/turtlebot3_gazebo/share/turtlebot3_gazebo//models/TrolleyBedPatient/meshes/TrolleyBedPatient.mtl
-- Up-to-date symlink: /home/kaize/turtlebot3_ws/install/turtlebot3_gazebo/share/turtlebot3_gazebo//models/TrolleyBedPatient/meshes/TrolleyBedPatient.obj
-- Up-to-date symlink: /home/kaize/turtlebot3_ws/install/turtlebot3_gazebo/share/turtlebot3_gazebo//models/TrolleyBedPatient/meshes/TrolleyBed_Diffuse.png
-- Up-to-date symlink: /home/kaize/turtlebot3_ws/install/turtlebot3_gazebo/share/turtlebot3_gazebo//models/TrolleyBedPatient/model.config
-- Up-to-date symlink: /home/kaize/turtlebot3_ws/install/turtlebot3_gazebo/share/turtlebot3_gazebo//models/TrolleyBedPatient/model.sdf
-- Up-to-date symlink: /home/kaize/turtlebot3_ws/install/turtlebot3_gazebo/share/turtlebot3_gazebo//models/TrolleyBedPatient/thumbnails/1.png
-- Up-to-date symlink: /home/kaize/turtlebot3_ws/install/turtlebot3_gazebo/share/turtlebot3_gazebo//models/TrolleyBedPatient/thumbnails/2.png
-- Up-to-date symlink: /home/kaize/turtlebot3_ws/install/turtlebot3_gazebo/share/turtlebot3_gazebo//models/TrolleyBedPatient/thumbnails/3.png
-- Up-to-date symlink: /home/kaize/turtlebot3_ws/install/turtlebot3_gazebo/share/turtlebot3_gazebo//models/TrolleyBedPatient/thumbnails/4.png
-- Up-to-date symlink: /home/kaize/turtlebot3_ws/install/turtlebot3_gazebo/share/turtlebot3_gazebo//models/TrolleyBedPatient/thumbnails/5.png
-- Up-to-date symlink: /home/kaize/turtlebot3_ws/install/turtlebot3_gazebo/share/turtlebot3_gazebo//models/WhiteCabinet/meshes/WhiteCabinet.mtl
-- Up-to-date symlink: /home/kaize/turtlebot3_ws/install/turtlebot3_gazebo/share/turtlebot3_gazebo//models/WhiteCabinet/meshes/WhiteCabinet.obj
-- Up-to-date symlink: /home/kaize/turtlebot3_ws/install/turtlebot3_gazebo/share/turtlebot3_gazebo//models/WhiteCabinet/meshes/WhiteCabinet.png
-- Up-to-date symlink: /home/kaize/turtlebot3_ws/install/turtlebot3_gazebo/share/turtlebot3_gazebo//models/WhiteCabinet/model.config
-- Up-to-date symlink: /home/kaize/turtlebot3_ws/install/turtlebot3_gazebo/share/turtlebot3_gazebo//models/WhiteCabinet/model.sdf
-- Up-to-date symlink: /home/kaize/turtlebot3_ws/install/turtlebot3_gazebo/share/turtlebot3_gazebo//models/WhiteCabinet/thumbnails/1.png
-- Up-to-date symlink: /home/kaize/turtlebot3_ws/install/turtlebot3_gazebo/share/turtlebot3_gazebo//models/WhiteCabinet/thumbnails/2.png
-- Up-to-date symlink: /home/kaize/turtlebot3_ws/install/turtlebot3_gazebo/share/turtlebot3_gazebo//models/WhiteCabinet/thumbnails/3.png
-- Up-to-date symlink: /home/kaize/turtlebot3_ws/install/turtlebot3_gazebo/share/turtlebot3_gazebo//models/WhiteCabinet/thumbnails/4.png
-- Up-to-date symlink: /home/kaize/turtlebot3_ws/install/turtlebot3_gazebo/share/turtlebot3_gazebo//models/WhiteCabinet/thumbnails/5.png
-- Up-to-date symlink: /home/kaize/turtlebot3_ws/install/turtlebot3_gazebo/share/turtlebot3_gazebo//models/shelf/meshes/Box_paper_04_1_Base_Color.png
-- Up-to-date symlink: /home/kaize/turtlebot3_ws/install/turtlebot3_gazebo/share/turtlebot3_gazebo//models/shelf/meshes/shelf_big_movai.dae
-- Up-to-date symlink: /home/kaize/turtlebot3_ws/install/turtlebot3_gazebo/share/turtlebot3_gazebo//models/shelf/model.config
-- Up-to-date symlink: /home/kaize/turtlebot3_ws/install/turtlebot3_gazebo/share/turtlebot3_gazebo//models/shelf/model.sdf
-- Up-to-date symlink: /home/kaize/turtlebot3_ws/install/turtlebot3_gazebo/share/turtlebot3_gazebo//models/shelf/thumbnails/1.png
-- Up-to-date symlink: /home/kaize/turtlebot3_ws/install/turtlebot3_gazebo/share/turtlebot3_gazebo//models/turtlebot3_burger_cam/model-1_4.sdf
-- Up-to-date symlink: /home/kaize/turtlebot3_ws/install/turtlebot3_gazebo/share/turtlebot3_gazebo//models/turtlebot3_burger_cam/model.config
-- Up-to-date symlink: /home/kaize/turtlebot3_ws/install/turtlebot3_gazebo/share/turtlebot3_gazebo//models/turtlebot3_burger_cam/model.sdf
-- Up-to-date symlink: /home/kaize/turtlebot3_ws/install/turtlebot3_gazebo/share/turtlebot3_gazebo//rviz/tb3_gazebo.rviz
-- Up-to-date symlink: /home/kaize/turtlebot3_ws/install/turtlebot3_gazebo/share/turtlebot3_gazebo//urdf/common_properties.urdf
-- Up-to-date symlink: /home/kaize/turtlebot3_ws/install/turtlebot3_gazebo/share/turtlebot3_gazebo//urdf/turtlebot3_burger_cam.urdf
-- Up-to-date symlink: /home/kaize/turtlebot3_ws/install/turtlebot3_gazebo/share/turtlebot3_gazebo//worlds/Hosp_world_v2.world
-- Up-to-date symlink: /home/kaize/turtlebot3_ws/install/turtlebot3_gazebo/include//turtlebot3_gazebo/obstacle1.hpp
-- Up-to-date symlink: /home/kaize/turtlebot3_ws/install/turtlebot3_gazebo/include//turtlebot3_gazebo/obstacle2.hpp
-- Up-to-date symlink: /home/kaize/turtlebot3_ws/install/turtlebot3_gazebo/include//turtlebot3_gazebo/obstacles.hpp
-- Up-to-date symlink: /home/kaize/turtlebot3_ws/install/turtlebot3_gazebo/include//turtlebot3_gazebo/traffic_bar_plugin.hpp
-- Up-to-date symlink: /home/kaize/turtlebot3_ws/install/turtlebot3_gazebo/include//turtlebot3_gazebo/traffic_light_plugin.hpp
-- Up-to-date symlink: /home/kaize/turtlebot3_ws/install/turtlebot3_gazebo/include//turtlebot3_gazebo/turtlebot3_drive.hpp
-- Up-to-date symlink: /home/kaize/turtlebot3_ws/install/turtlebot3_gazebo/share/ament_index/resource_index/package_run_dependencies/turtlebot3_gazebo
-- Up-to-date symlink: /home/kaize/turtlebot3_ws/install/turtlebot3_gazebo/share/ament_index/resource_index/parent_prefix_path/turtlebot3_gazebo
-- Up-to-date symlink: /home/kaize/turtlebot3_ws/install/turtlebot3_gazebo/share/turtlebot3_gazebo/environment/ament_prefix_path.sh
-- Up-to-date symlink: /home/kaize/turtlebot3_ws/install/turtlebot3_gazebo/share/turtlebot3_gazebo/environment/ament_prefix_path.dsv
-- Up-to-date symlink: /home/kaize/turtlebot3_ws/install/turtlebot3_gazebo/share/turtlebot3_gazebo/environment/path.sh
-- Up-to-date symlink: /home/kaize/turtlebot3_ws/install/turtlebot3_gazebo/share/turtlebot3_gazebo/environment/path.dsv
-- Up-to-date symlink: /home/kaize/turtlebot3_ws/install/turtlebot3_gazebo/share/turtlebot3_gazebo/local_setup.bash
-- Up-to-date symlink: /home/kaize/turtlebot3_ws/install/turtlebot3_gazebo/share/turtlebot3_gazebo/local_setup.sh
-- Up-to-date symlink: /home/kaize/turtlebot3_ws/install/turtlebot3_gazebo/share/turtlebot3_gazebo/local_setup.zsh
-- Up-to-date symlink: /home/kaize/turtlebot3_ws/install/turtlebot3_gazebo/share/turtlebot3_gazebo/local_setup.dsv
-- Symlinking: /home/kaize/turtlebot3_ws/install/turtlebot3_gazebo/share/turtlebot3_gazebo/package.dsv
-- Up-to-date symlink: /home/kaize/turtlebot3_ws/install/turtlebot3_gazebo/share/ament_index/resource_index/packages/turtlebot3_gazebo
-- Up-to-date symlink: /home/kaize/turtlebot3_ws/install/turtlebot3_gazebo/share/turtlebot3_gazebo/cmake/ament_cmake_export_include_directories-extras.cmake
-- Up-to-date symlink: /home/kaize/turtlebot3_ws/install/turtlebot3_gazebo/share/turtlebot3_gazebo/cmake/ament_cmake_export_dependencies-extras.cmake
-- Up-to-date symlink: /home/kaize/turtlebot3_ws/install/turtlebot3_gazebo/share/turtlebot3_gazebo/cmake/turtlebot3_gazeboConfig.cmake
-- Up-to-date symlink: /home/kaize/turtlebot3_ws/install/turtlebot3_gazebo/share/turtlebot3_gazebo/cmake/turtlebot3_gazeboConfig-version.cmake
-- Up-to-date symlink: /home/kaize/turtlebot3_ws/install/turtlebot3_gazebo/share/turtlebot3_gazebo/package.xml
